{"meta": {"format": 3, "version": "7.13.0", "timestamp": "2025-12-09T15:49:12.910315", "branch_coverage": false, "show_contexts": false}, "files": {"adaptiveengineer.py": {"executed_lines": [1, 2, 3, 4, 5, 6, 7, 8, 9, 10, 12, 14, 15, 16, 19, 20, 21, 23, 24, 27, 28, 31, 32, 33, 34, 35, 36, 38, 39, 40, 41, 42, 44, 45, 46, 53, 54, 55, 56, 57, 58, 59, 60, 61, 64, 65, 66, 67, 70, 73, 75, 98, 101, 108, 134, 161, 183, 193, 202, 208, 209, 225, 253, 263, 269, 274, 279, 280, 281, 285, 286, 287, 288, 289, 290, 291, 292, 295, 296, 297, 298, 299, 300, 301, 304, 305, 307, 309, 312, 313, 316, 317, 320, 323, 324, 329, 331, 333, 334, 335, 338, 339, 340, 343, 344, 345, 348, 349, 350, 351, 354, 355, 356, 357, 360, 361, 365, 368, 369, 370, 371, 372, 375, 376, 379, 380, 383, 390, 391, 397, 398, 399, 400, 403, 404, 405, 406, 407, 408, 409, 410, 413, 431, 434, 435, 438, 439, 440, 441, 448, 455, 456, 458, 469, 470, 481, 484, 485, 486, 487, 488, 489, 490, 493, 494, 495, 496, 497, 498, 499, 500, 503, 504, 505, 506, 509, 510, 511, 512, 513, 514, 515, 516, 519, 520, 521, 522, 523, 524, 525, 526, 527, 528, 529, 530, 533, 534, 535, 538, 539, 540, 541, 544, 552, 617, 619, 621, 629, 631, 633, 638, 640, 641, 643, 645, 651, 653, 674, 676, 677, 679, 681, 713, 724, 729, 735, 741, 744, 746, 753, 754, 756, 764, 770, 771, 773, 779, 789, 804, 805, 806, 812, 821, 825, 826, 827, 830, 834, 836, 838, 840, 844, 845, 848, 851, 853, 861, 905, 930, 932, 935, 936, 939, 945, 957, 981, 1002, 1017, 1040, 1059, 1065, 1069, 1073, 1104, 1126, 1144, 1168, 1184, 1198, 1206, 1225, 1240, 1250, 1287, 1300, 1303, 1306, 1311, 1314, 1316, 1317, 1318, 1322, 1330, 1337, 1338, 1340, 1341, 1342, 1344, 1345, 1347, 1350, 1353, 1354, 1357, 1358, 1360, 1362, 1365, 1367, 1368, 1370, 1372, 1381, 1383, 1384, 1385, 1388, 1390, 1391, 1392, 1397, 1400, 1403, 1406, 1409, 1412, 1415, 1418, 1420, 1422, 1424, 1427, 1428, 1430, 1457, 1479, 1570, 1579, 1583, 1601, 1665, 1726, 1773, 1835, 1927, 1990, 2072, 2123, 2173, 2218, 2251, 2253, 2259, 2261, 2262, 2264, 2281, 2287, 2297, 2312, 2342, 2355, 2362, 2382, 2420, 2446, 2454, 2500, 2511, 2523, 2529, 2535, 2541, 2547, 2553, 2559, 2565, 2571, 2577, 2601, 2603, 2606, 2607, 2608, 2611, 2612, 2613, 2614, 2617, 2618, 2619, 2621, 2624, 2638, 2641, 2644, 2646, 2647, 2686, 2688, 2691, 2692, 2693, 2696, 2697, 2700, 2702, 2704, 2707, 2710, 2712, 2715, 2717, 2719, 2721, 2724, 2726, 2728, 2730, 2732, 2734, 2737, 2739, 2741, 2743, 2745, 2747, 2749, 2751, 2753, 2756, 2758, 2760, 2763, 2765, 2767, 2770, 2772, 2774, 2775, 2777, 2779, 2782, 2786, 2790, 2793, 2795, 2797, 2798, 2799, 2800, 2802, 2804, 2807, 2808, 2809, 2812, 2825, 2826, 2827, 2828, 2831, 2832, 2833, 2840, 2851, 2872, 2885, 2892, 2895, 2896, 2897, 2900, 2901, 2902, 2903, 2906, 2907, 2910, 2911, 2912, 2913, 2917, 2918, 2919, 2920, 2922, 2926, 2929, 2932, 2933, 2936, 2937, 2943, 2949, 2956, 2957, 2960, 2961, 2963, 2965, 2967, 2970, 2972, 2974, 3013, 3047, 3056, 3075, 3114, 3141, 3162, 3194, 3211, 3225, 3227, 3238, 3239, 3240, 3245, 3250, 3251, 3252, 3253, 3263, 3270, 3271, 3280, 3281, 3282, 3283, 3289, 3290, 3291, 3298, 3301, 3305, 3307, 3322, 3324, 3325, 3327, 3337, 3339, 3341, 3342, 3343, 3344, 3345, 3380, 3381, 3384, 3396, 3397, 3402, 3408, 3411, 3413, 3433, 3435, 3438, 3439, 3441, 3443, 3444, 3448, 3449, 3453, 3465, 3474, 3475, 3476, 3481, 3488, 3490, 3492, 3517, 3518, 3520, 3529, 3530, 3531, 3537, 3550, 3554, 3556, 3559, 3565, 3566, 3575, 3578, 3586, 3603, 3610, 3613, 3615, 3617, 3619, 3620, 3623, 3635, 3645, 3648, 3653, 3657, 3661, 3668, 3669, 3671, 3672, 3674, 3682, 3718], "summary": {"covered_lines": 612, "num_statements": 1705, "percent_covered": 35.894428152492665, "percent_covered_display": "36", "missing_lines": 1093, "excluded_lines": 0, "percent_statements_covered": 35.894428152492665, "percent_statements_covered_display": "36"}, "missing_lines": [77, 78, 79, 80, 83, 84, 85, 86, 87, 89, 90, 91, 92, 95, 96, 99, 103, 104, 105, 106, 114, 117, 118, 119, 121, 122, 124, 125, 127, 128, 131, 132, 140, 141, 142, 143, 146, 147, 149, 150, 152, 153, 154, 155, 156, 159, 163, 179, 180, 181, 185, 186, 187, 188, 189, 190, 191, 203, 204, 205, 206, 211, 212, 214, 215, 216, 217, 218, 219, 220, 221, 223, 227, 228, 230, 232, 233, 236, 237, 240, 241, 242, 245, 246, 247, 250, 251, 255, 256, 257, 258, 260, 261, 264, 265, 266, 267, 270, 271, 272, 275, 276, 325, 326, 330, 472, 473, 474, 475, 477, 479, 545, 557, 558, 560, 561, 564, 565, 566, 567, 568, 571, 572, 574, 575, 577, 579, 580, 581, 583, 592, 595, 596, 598, 599, 600, 601, 603, 605, 606, 607, 608, 611, 612, 614, 615, 622, 623, 624, 627, 646, 647, 648, 649, 650, 655, 656, 657, 659, 660, 663, 669, 670, 672, 683, 686, 687, 690, 691, 692, 693, 694, 697, 699, 701, 725, 726, 730, 731, 732, 736, 737, 738, 742, 808, 809, 810, 822, 831, 832, 841, 855, 856, 857, 858, 859, 863, 866, 867, 877, 878, 881, 884, 893, 895, 896, 899, 900, 903, 907, 909, 910, 911, 914, 917, 918, 919, 922, 928, 941, 942, 943, 948, 955, 960, 961, 962, 964, 967, 969, 971, 972, 975, 978, 983, 984, 987, 990, 996, 1005, 1006, 1007, 1010, 1011, 1014, 1015, 1019, 1022, 1025, 1029, 1030, 1032, 1043, 1051, 1054, 1057, 1061, 1067, 1071, 1075, 1076, 1079, 1080, 1085, 1086, 1091, 1092, 1097, 1106, 1107, 1110, 1111, 1112, 1113, 1115, 1122, 1128, 1131, 1132, 1135, 1136, 1137, 1138, 1141, 1142, 1146, 1147, 1148, 1151, 1154, 1155, 1156, 1158, 1170, 1172, 1178, 1179, 1180, 1182, 1186, 1187, 1188, 1191, 1192, 1200, 1202, 1204, 1208, 1209, 1210, 1213, 1214, 1216, 1217, 1220, 1221, 1223, 1228, 1229, 1231, 1234, 1235, 1236, 1237, 1238, 1242, 1243, 1244, 1245, 1246, 1248, 1252, 1253, 1256, 1257, 1258, 1260, 1261, 1264, 1273, 1274, 1277, 1278, 1279, 1281, 1283, 1284, 1285, 1290, 1291, 1294, 1295, 1298, 1307, 1308, 1312, 1326, 1328, 1363, 1364, 1366, 1374, 1375, 1376, 1377, 1379, 1386, 1395, 1433, 1434, 1435, 1438, 1440, 1441, 1442, 1444, 1446, 1447, 1448, 1449, 1452, 1453, 1454, 1455, 1460, 1461, 1463, 1464, 1466, 1468, 1469, 1470, 1471, 1473, 1474, 1475, 1477, 1505, 1506, 1508, 1509, 1511, 1512, 1513, 1514, 1515, 1517, 1520, 1521, 1522, 1534, 1535, 1538, 1540, 1541, 1542, 1543, 1545, 1546, 1549, 1550, 1552, 1555, 1556, 1559, 1561, 1572, 1573, 1575, 1581, 1585, 1588, 1589, 1592, 1593, 1596, 1597, 1599, 1611, 1612, 1615, 1626, 1627, 1628, 1632, 1634, 1635, 1636, 1639, 1648, 1649, 1652, 1659, 1661, 1663, 1667, 1669, 1670, 1672, 1673, 1674, 1677, 1678, 1681, 1684, 1691, 1700, 1707, 1710, 1711, 1714, 1715, 1717, 1719, 1728, 1730, 1731, 1733, 1734, 1736, 1737, 1740, 1741, 1744, 1747, 1748, 1751, 1764, 1766, 1768, 1784, 1785, 1788, 1800, 1801, 1802, 1805, 1807, 1808, 1811, 1820, 1827, 1830, 1832, 1833, 1837, 1839, 1840, 1842, 1843, 1844, 1847, 1848, 1851, 1854, 1855, 1859, 1862, 1863, 1866, 1867, 1869, 1870, 1873, 1874, 1875, 1877, 1878, 1879, 1881, 1882, 1883, 1886, 1887, 1888, 1890, 1891, 1892, 1895, 1896, 1899, 1900, 1903, 1904, 1907, 1920, 1922, 1938, 1939, 1942, 1954, 1955, 1956, 1961, 1963, 1964, 1965, 1968, 1977, 1984, 1986, 1988, 1992, 1994, 1995, 1997, 1998, 1999, 2002, 2005, 2006, 2009, 2018, 2021, 2024, 2027, 2030, 2032, 2033, 2036, 2046, 2053, 2056, 2057, 2060, 2061, 2063, 2065, 2074, 2076, 2077, 2079, 2080, 2082, 2083, 2086, 2087, 2088, 2091, 2094, 2095, 2096, 2099, 2100, 2103, 2116, 2118, 2125, 2127, 2128, 2130, 2131, 2132, 2135, 2136, 2142, 2143, 2144, 2147, 2150, 2153, 2160, 2162, 2164, 2171, 2175, 2177, 2178, 2180, 2181, 2182, 2185, 2186, 2190, 2193, 2202, 2205, 2207, 2209, 2216, 2220, 2222, 2223, 2225, 2226, 2228, 2229, 2232, 2233, 2234, 2237, 2240, 2247, 2249, 2254, 2255, 2257, 2266, 2283, 2284, 2285, 2293, 2294, 2299, 2300, 2302, 2303, 2310, 2314, 2315, 2316, 2319, 2320, 2326, 2327, 2330, 2331, 2332, 2335, 2336, 2339, 2340, 2344, 2345, 2346, 2349, 2350, 2353, 2357, 2358, 2359, 2360, 2364, 2365, 2366, 2369, 2370, 2371, 2372, 2375, 2376, 2379, 2380, 2384, 2385, 2388, 2391, 2392, 2394, 2395, 2396, 2398, 2399, 2402, 2403, 2405, 2406, 2407, 2409, 2410, 2411, 2412, 2413, 2414, 2415, 2416, 2418, 2422, 2423, 2426, 2429, 2430, 2433, 2441, 2442, 2444, 2448, 2449, 2450, 2451, 2452, 2457, 2458, 2460, 2461, 2464, 2465, 2468, 2469, 2470, 2472, 2475, 2476, 2477, 2481, 2482, 2486, 2487, 2488, 2489, 2490, 2494, 2495, 2496, 2497, 2498, 2502, 2509, 2515, 2516, 2517, 2519, 2520, 2521, 2525, 2526, 2527, 2531, 2532, 2533, 2537, 2538, 2539, 2543, 2544, 2545, 2549, 2550, 2551, 2555, 2556, 2557, 2561, 2562, 2563, 2567, 2568, 2569, 2573, 2574, 2575, 2579, 2580, 2583, 2584, 2585, 2588, 2589, 2592, 2593, 2594, 2595, 2598, 2599, 2642, 2649, 2652, 2653, 2654, 2657, 2658, 2659, 2660, 2661, 2662, 2663, 2664, 2666, 2667, 2669, 2670, 2671, 2674, 2675, 2676, 2677, 2678, 2679, 2680, 2681, 2682, 2684, 2703, 2705, 2711, 2713, 2723, 2729, 2736, 2742, 2748, 2755, 2762, 2769, 2776, 2783, 2787, 2791, 2834, 2835, 2836, 2837, 2838, 2853, 2855, 2856, 2857, 2858, 2860, 2861, 2862, 2863, 2864, 2865, 2868, 2869, 2870, 2874, 2876, 2877, 2879, 2880, 2881, 2882, 2883, 2884, 2893, 2915, 2962, 2964, 2966, 2968, 2990, 2991, 2994, 3002, 3005, 3006, 3009, 3011, 3023, 3024, 3027, 3028, 3031, 3034, 3035, 3037, 3038, 3039, 3042, 3043, 3045, 3049, 3058, 3059, 3061, 3062, 3065, 3066, 3067, 3068, 3070, 3071, 3073, 3077, 3078, 3081, 3084, 3086, 3087, 3088, 3089, 3090, 3091, 3092, 3095, 3096, 3097, 3098, 3099, 3100, 3101, 3102, 3103, 3105, 3106, 3109, 3110, 3112, 3116, 3117, 3118, 3119, 3121, 3122, 3123, 3124, 3125, 3128, 3136, 3138, 3139, 3143, 3145, 3146, 3147, 3157, 3159, 3160, 3164, 3165, 3166, 3167, 3170, 3171, 3174, 3175, 3178, 3179, 3180, 3182, 3183, 3184, 3185, 3186, 3189, 3191, 3192, 3196, 3197, 3199, 3200, 3201, 3203, 3204, 3206, 3207, 3241, 3242, 3246, 3247, 3264, 3265, 3272, 3273, 3274, 3275, 3292, 3293, 3347, 3349, 3350, 3351, 3352, 3353, 3355, 3357, 3358, 3359, 3360, 3361, 3363, 3365, 3366, 3367, 3368, 3369, 3373, 3374, 3375, 3376, 3377, 3385, 3386, 3391, 3392, 3393, 3398, 3436, 3445, 3450, 3477, 3478, 3533, 3534, 3535, 3551, 3552, 3579, 3580, 3599, 3600, 3601, 3611, 3625, 3628, 3629, 3632, 3633, 3637, 3638, 3641, 3650, 3651, 3655, 3659, 3663, 3664, 3665, 3676, 3677, 3678, 3684, 3685, 3686, 3688, 3691, 3692, 3693, 3694, 3695, 3698, 3699, 3701, 3702, 3705, 3708, 3709, 3710, 3713, 3716, 3719], "excluded_lines": [], "functions": {"Memory.__post_init__": {"executed_lines": [], "summary": {"covered_lines": 0, "num_statements": 15, "percent_covered": 0.0, "percent_covered_display": "0", "missing_lines": 15, "excluded_lines": 0, "percent_statements_covered": 0.0, "percent_statements_covered_display": "0"}, "missing_lines": [77, 78, 79, 80, 83, 84, 85, 86, 87, 89, 90, 91, 92, 95, 96], "excluded_lines": []}, "Memory.is_short": {"executed_lines": [], "summary": {"covered_lines": 0, "num_statements": 1, "percent_covered": 0.0, "percent_covered_display": "0", "missing_lines": 1, "excluded_lines": 0, "percent_statements_covered": 0.0, "percent_statements_covered_display": "0"}, "missing_lines": [99], "excluded_lines": []}, "Memory.is_expired": {"executed_lines": [], "summary": {"covered_lines": 0, "num_statements": 4, "percent_covered": 0.0, "percent_covered_display": "0", "missing_lines": 4, "excluded_lines": 0, "percent_statements_covered": 0.0, "percent_statements_covered_display": "0"}, "missing_lines": [103, 104, 105, 106], "excluded_lines": []}, "Memory.age": {"executed_lines": [], "summary": {"covered_lines": 0, "num_statements": 12, "percent_covered": 0.0, "percent_covered_display": "0", "missing_lines": 12, "excluded_lines": 0, "percent_statements_covered": 0.0, "percent_statements_covered_display": "0"}, "missing_lines": [114, 117, 118, 119, 121, 122, 124, 125, 127, 128, 131, 132], "excluded_lines": []}, "Memory.access": {"executed_lines": [], "summary": {"covered_lines": 0, "num_statements": 14, "percent_covered": 0.0, "percent_covered_display": "0", "missing_lines": 14, "excluded_lines": 0, "percent_statements_covered": 0.0, "percent_statements_covered_display": "0"}, "missing_lines": [140, 141, 142, 143, 146, 147, 149, 150, 152, 153, 154, 155, 156, 159], "excluded_lines": []}, "Memory.to_dict": {"executed_lines": [], "summary": {"covered_lines": 0, "num_statements": 4, "percent_covered": 0.0, "percent_covered_display": "0", "missing_lines": 4, "excluded_lines": 0, "percent_statements_covered": 0.0, "percent_statements_covered_display": "0"}, "missing_lines": [163, 179, 180, 181], "excluded_lines": []}, "Memory.update_content": {"executed_lines": [], "summary": {"covered_lines": 0, "num_statements": 7, "percent_covered": 0.0, "percent_covered_display": "0", "missing_lines": 7, "excluded_lines": 0, "percent_statements_covered": 0.0, "percent_statements_covered_display": "0"}, "missing_lines": [185, 186, 187, 188, 189, 190, 191], "excluded_lines": []}, "__init__": {"executed_lines": [], "summary": {"covered_lines": 0, "num_statements": 4, "percent_covered": 0.0, "percent_covered_display": "0", "missing_lines": 4, "excluded_lines": 0, "percent_statements_covered": 0.0, "percent_statements_covered_display": "0"}, "missing_lines": [203, 204, 205, 206], "excluded_lines": []}, "_estimate_size_mb": {"executed_lines": [], "summary": {"covered_lines": 0, "num_statements": 11, "percent_covered": 0.0, "percent_covered_display": "0", "missing_lines": 11, "excluded_lines": 0, "percent_statements_covered": 0.0, "percent_statements_covered_display": "0"}, "missing_lines": [211, 212, 214, 215, 216, 217, 218, 219, 220, 221, 223], "excluded_lines": []}, "put": {"executed_lines": [], "summary": {"covered_lines": 0, "num_statements": 15, "percent_covered": 0.0, "percent_covered_display": "0", "missing_lines": 15, "excluded_lines": 0, "percent_statements_covered": 0.0, "percent_statements_covered_display": "0"}, "missing_lines": [227, 228, 230, 232, 233, 236, 237, 240, 241, 242, 245, 246, 247, 250, 251], "excluded_lines": []}, "get": {"executed_lines": [], "summary": {"covered_lines": 0, "num_statements": 6, "percent_covered": 0.0, "percent_covered_display": "0", "missing_lines": 6, "excluded_lines": 0, "percent_statements_covered": 0.0, "percent_statements_covered_display": "0"}, "missing_lines": [255, 256, 257, 258, 260, 261], "excluded_lines": []}, "remove": {"executed_lines": [], "summary": {"covered_lines": 0, "num_statements": 4, "percent_covered": 0.0, "percent_covered_display": "0", "missing_lines": 4, "excluded_lines": 0, "percent_statements_covered": 0.0, "percent_statements_covered_display": "0"}, "missing_lines": [264, 265, 266, 267], "excluded_lines": []}, "clear": {"executed_lines": [], "summary": {"covered_lines": 0, "num_statements": 3, "percent_covered": 0.0, "percent_covered_display": "0", "missing_lines": 3, "excluded_lines": 0, "percent_statements_covered": 0.0, "percent_statements_covered_display": "0"}, "missing_lines": [270, 271, 272], "excluded_lines": []}, "stats": {"executed_lines": [], "summary": {"covered_lines": 0, "num_statements": 2, "percent_covered": 0.0, "percent_covered_display": "0", "missing_lines": 2, "excluded_lines": 0, "percent_statements_covered": 0.0, "percent_statements_covered_display": "0"}, "missing_lines": [275, 276], "excluded_lines": []}, "SocialSignal.__init__": {"executed_lines": [285, 286, 287, 288, 289, 290, 291, 292, 295, 296, 297, 298, 299, 300, 301], "summary": {"covered_lines": 15, "num_statements": 15, "percent_covered": 100.0, "percent_covered_display": "100", "missing_lines": 0, "excluded_lines": 0, "percent_statements_covered": 100.0, "percent_statements_covered_display": "100"}, "missing_lines": [], "excluded_lines": []}, "AliveLoopNode.__init__": {"executed_lines": [309, 312, 313, 316, 317, 320, 323, 324, 329, 331, 333, 334, 335, 338, 339, 340, 343, 344, 345, 348, 349, 350, 351, 354, 355, 356, 357, 360, 361, 365, 368, 369, 370, 371, 372, 375, 376, 379, 380, 383, 390, 391, 397, 398, 399, 400, 403, 404, 405, 406, 407, 408, 409, 410, 413, 431, 434, 435, 438, 439, 440, 441, 448, 455, 456], "summary": {"covered_lines": 65, "num_statements": 68, "percent_covered": 95.58823529411765, "percent_covered_display": "96", "missing_lines": 3, "excluded_lines": 0, "percent_statements_covered": 95.58823529411765, "percent_statements_covered_display": "96"}, "missing_lines": [325, 326, 330], "excluded_lines": []}, "AliveLoopNode._get_config_value": {"executed_lines": [469, 470], "summary": {"covered_lines": 2, "num_statements": 8, "percent_covered": 25.0, "percent_covered_display": "25", "missing_lines": 6, "excluded_lines": 0, "percent_statements_covered": 25.0, "percent_statements_covered_display": "25"}, "missing_lines": [472, 473, 474, 475, 477, 479], "excluded_lines": []}, "AliveLoopNode._initialize_config_driven_attributes": {"executed_lines": [484, 485, 486, 487, 488, 489, 490, 493, 494, 495, 496, 497, 498, 499, 500, 503, 504, 505, 506, 509, 510, 511, 512, 513, 514, 515, 516, 519, 520, 521, 522, 523, 524, 525, 526, 527, 528, 529, 530, 533, 534, 535, 538, 539, 540, 541, 544], "summary": {"covered_lines": 47, "num_statements": 48, "percent_covered": 97.91666666666667, "percent_covered_display": "98", "missing_lines": 1, "excluded_lines": 0, "percent_statements_covered": 97.91666666666667, "percent_statements_covered_display": "98"}, "missing_lines": [545], "excluded_lines": []}, "AliveLoopNode.send_signal": {"executed_lines": [], "summary": {"covered_lines": 0, "num_statements": 34, "percent_covered": 0.0, "percent_covered_display": "0", "missing_lines": 34, "excluded_lines": 0, "percent_statements_covered": 0.0, "percent_statements_covered_display": "0"}, "missing_lines": [557, 558, 560, 561, 564, 565, 566, 567, 568, 571, 572, 574, 575, 577, 579, 580, 581, 583, 592, 595, 596, 598, 599, 600, 601, 603, 605, 606, 607, 608, 611, 612, 614, 615], "excluded_lines": []}, "AliveLoopNode._is_duplicate_signal": {"executed_lines": [619, 621, 629], "summary": {"covered_lines": 3, "num_statements": 7, "percent_covered": 42.857142857142854, "percent_covered_display": "43", "missing_lines": 4, "excluded_lines": 0, "percent_statements_covered": 42.857142857142854, "percent_statements_covered_display": "43"}, "missing_lines": [622, 623, 624, 627], "excluded_lines": []}, "AliveLoopNode._record_signal_processed": {"executed_lines": [633], "summary": {"covered_lines": 1, "num_statements": 1, "percent_covered": 100.0, "percent_covered_display": "100", "missing_lines": 0, "excluded_lines": 0, "percent_statements_covered": 100.0, "percent_statements_covered_display": "100"}, "missing_lines": [], "excluded_lines": []}, "AliveLoopNode._validate_signal_schema": {"executed_lines": [640, 641], "summary": {"covered_lines": 2, "num_statements": 2, "percent_covered": 100.0, "percent_covered_display": "100", "missing_lines": 0, "excluded_lines": 0, "percent_statements_covered": 100.0, "percent_statements_covered_display": "100"}, "missing_lines": [], "excluded_lines": []}, "AliveLoopNode._should_circuit_break": {"executed_lines": [645, 651], "summary": {"covered_lines": 2, "num_statements": 7, "percent_covered": 28.571428571428573, "percent_covered_display": "29", "missing_lines": 5, "excluded_lines": 0, "percent_statements_covered": 28.571428571428573, "percent_statements_covered_display": "29"}, "missing_lines": [646, 647, 648, 649, 650], "excluded_lines": []}, "AliveLoopNode._record_processing_error": {"executed_lines": [], "summary": {"covered_lines": 0, "num_statements": 9, "percent_covered": 0.0, "percent_covered_display": "0", "missing_lines": 9, "excluded_lines": 0, "percent_statements_covered": 0.0, "percent_statements_covered_display": "0"}, "missing_lines": [655, 656, 657, 659, 660, 663, 669, 670, 672], "excluded_lines": []}, "AliveLoopNode._add_to_partition_queue": {"executed_lines": [676, 677, 679], "summary": {"covered_lines": 3, "num_statements": 3, "percent_covered": 100.0, "percent_covered_display": "100", "missing_lines": 0, "excluded_lines": 0, "percent_statements_covered": 100.0, "percent_statements_covered_display": "100"}, "missing_lines": [], "excluded_lines": []}, "AliveLoopNode._get_queue_metrics": {"executed_lines": [], "summary": {"covered_lines": 0, "num_statements": 11, "percent_covered": 0.0, "percent_covered_display": "0", "missing_lines": 11, "excluded_lines": 0, "percent_statements_covered": 0.0, "percent_statements_covered_display": "0"}, "missing_lines": [683, 686, 687, 690, 691, 692, 693, 694, 697, 699, 701], "excluded_lines": []}, "AliveLoopNode._can_process_signal": {"executed_lines": [724, 729, 735, 741, 744], "summary": {"covered_lines": 5, "num_statements": 14, "percent_covered": 35.714285714285715, "percent_covered_display": "36", "missing_lines": 9, "excluded_lines": 0, "percent_statements_covered": 35.714285714285715, "percent_statements_covered_display": "36"}, "missing_lines": [725, 726, 730, 731, 732, 736, 737, 738, 742], "excluded_lines": []}, "AliveLoopNode._consume_processing_energy": {"executed_lines": [753, 754], "summary": {"covered_lines": 2, "num_statements": 2, "percent_covered": 100.0, "percent_covered_display": "100", "missing_lines": 0, "excluded_lines": 0, "percent_statements_covered": 100.0, "percent_statements_covered_display": "100"}, "missing_lines": [], "excluded_lines": []}, "AliveLoopNode._record_signal_attempt": {"executed_lines": [764, 770, 771, 773], "summary": {"covered_lines": 4, "num_statements": 4, "percent_covered": 100.0, "percent_covered_display": "100", "missing_lines": 0, "excluded_lines": 0, "percent_statements_covered": 100.0, "percent_statements_covered_display": "100"}, "missing_lines": [], "excluded_lines": []}, "AliveLoopNode._dispatch_signal_by_type": {"executed_lines": [789, 804, 805, 806], "summary": {"covered_lines": 4, "num_statements": 7, "percent_covered": 57.142857142857146, "percent_covered_display": "57", "missing_lines": 3, "excluded_lines": 0, "percent_statements_covered": 57.142857142857146, "percent_statements_covered_display": "57"}, "missing_lines": [808, 809, 810], "excluded_lines": []}, "AliveLoopNode._finalize_signal_processing": {"executed_lines": [821, 825, 826, 827, 830], "summary": {"covered_lines": 5, "num_statements": 8, "percent_covered": 62.5, "percent_covered_display": "62", "missing_lines": 3, "excluded_lines": 0, "percent_statements_covered": 62.5, "percent_statements_covered_display": "62"}, "missing_lines": [822, 831, 832], "excluded_lines": []}, "AliveLoopNode.receive_signal": {"executed_lines": [836, 838, 840, 844, 845, 848, 851, 853], "summary": {"covered_lines": 8, "num_statements": 14, "percent_covered": 57.142857142857146, "percent_covered_display": "57", "missing_lines": 6, "excluded_lines": 0, "percent_statements_covered": 57.142857142857146, "percent_statements_covered_display": "57"}, "missing_lines": [841, 855, 856, 857, 858, 859], "excluded_lines": []}, "AliveLoopNode._process_memory_signal": {"executed_lines": [], "summary": {"covered_lines": 0, "num_statements": 13, "percent_covered": 0.0, "percent_covered_display": "0", "missing_lines": 13, "excluded_lines": 0, "percent_statements_covered": 0.0, "percent_statements_covered_display": "0"}, "missing_lines": [863, 866, 867, 877, 878, 881, 884, 893, 895, 896, 899, 900, 903], "excluded_lines": []}, "AliveLoopNode._process_query_signal": {"executed_lines": [], "summary": {"covered_lines": 0, "num_statements": 10, "percent_covered": 0.0, "percent_covered_display": "0", "missing_lines": 10, "excluded_lines": 0, "percent_statements_covered": 0.0, "percent_statements_covered_display": "0"}, "missing_lines": [907, 909, 910, 911, 914, 917, 918, 919, 922, 928], "excluded_lines": []}, "AliveLoopNode._process_warning_signal": {"executed_lines": [932, 935, 936, 939], "summary": {"covered_lines": 4, "num_statements": 7, "percent_covered": 57.142857142857146, "percent_covered_display": "57", "missing_lines": 3, "excluded_lines": 0, "percent_statements_covered": 57.142857142857146, "percent_statements_covered_display": "57"}, "missing_lines": [941, 942, 943], "excluded_lines": []}, "AliveLoopNode._process_resource_signal": {"executed_lines": [], "summary": {"covered_lines": 0, "num_statements": 2, "percent_covered": 0.0, "percent_covered_display": "0", "missing_lines": 2, "excluded_lines": 0, "percent_statements_covered": 0.0, "percent_statements_covered_display": "0"}, "missing_lines": [948, 955], "excluded_lines": []}, "AliveLoopNode._integrate_shared_knowledge": {"executed_lines": [], "summary": {"covered_lines": 0, "num_statements": 10, "percent_covered": 0.0, "percent_covered_display": "0", "missing_lines": 10, "excluded_lines": 0, "percent_statements_covered": 0.0, "percent_statements_covered_display": "0"}, "missing_lines": [960, 961, 962, 964, 967, 969, 971, 972, 975, 978], "excluded_lines": []}, "AliveLoopNode._apply_emotional_contagion": {"executed_lines": [], "summary": {"covered_lines": 0, "num_statements": 5, "percent_covered": 0.0, "percent_covered_display": "0", "missing_lines": 5, "excluded_lines": 0, "percent_statements_covered": 0.0, "percent_statements_covered_display": "0"}, "missing_lines": [983, 984, 987, 990, 996], "excluded_lines": []}, "AliveLoopNode._can_communicate_with": {"executed_lines": [], "summary": {"covered_lines": 0, "num_statements": 7, "percent_covered": 0.0, "percent_covered_display": "0", "missing_lines": 7, "excluded_lines": 0, "percent_statements_covered": 0.0, "percent_statements_covered_display": "0"}, "missing_lines": [1005, 1006, 1007, 1010, 1011, 1014, 1015], "excluded_lines": []}, "AliveLoopNode._adjust_signal_for_target": {"executed_lines": [], "summary": {"covered_lines": 0, "num_statements": 6, "percent_covered": 0.0, "percent_covered_display": "0", "missing_lines": 6, "excluded_lines": 0, "percent_statements_covered": 0.0, "percent_statements_covered_display": "0"}, "missing_lines": [1019, 1022, 1025, 1029, 1030, 1032], "excluded_lines": []}, "AliveLoopNode._update_trust_after_communication": {"executed_lines": [], "summary": {"covered_lines": 0, "num_statements": 4, "percent_covered": 0.0, "percent_covered_display": "0", "missing_lines": 4, "excluded_lines": 0, "percent_statements_covered": 0.0, "percent_statements_covered_display": "0"}, "missing_lines": [1043, 1051, 1054, 1057], "excluded_lines": []}, "AliveLoopNode.get_trust_summary": {"executed_lines": [], "summary": {"covered_lines": 0, "num_statements": 1, "percent_covered": 0.0, "percent_covered_display": "0", "missing_lines": 1, "excluded_lines": 0, "percent_statements_covered": 0.0, "percent_statements_covered_display": "0"}, "missing_lines": [1061], "excluded_lines": []}, "AliveLoopNode.get_trust_network_visualization": {"executed_lines": [], "summary": {"covered_lines": 0, "num_statements": 1, "percent_covered": 0.0, "percent_covered_display": "0", "missing_lines": 1, "excluded_lines": 0, "percent_statements_covered": 0.0, "percent_statements_covered_display": "0"}, "missing_lines": [1067], "excluded_lines": []}, "AliveLoopNode.get_trust_network_metrics": {"executed_lines": [], "summary": {"covered_lines": 0, "num_statements": 1, "percent_covered": 0.0, "percent_covered_display": "0", "missing_lines": 1, "excluded_lines": 0, "percent_statements_covered": 0.0, "percent_statements_covered_display": "0"}, "missing_lines": [1071], "excluded_lines": []}, "AliveLoopNode.monitor_trust_network_health": {"executed_lines": [], "summary": {"covered_lines": 0, "num_statements": 9, "percent_covered": 0.0, "percent_covered_display": "0", "missing_lines": 9, "excluded_lines": 0, "percent_statements_covered": 0.0, "percent_statements_covered_display": "0"}, "missing_lines": [1075, 1076, 1079, 1080, 1085, 1086, 1091, 1092, 1097], "excluded_lines": []}, "AliveLoopNode._calculate_network_health_score": {"executed_lines": [], "summary": {"covered_lines": 0, "num_statements": 8, "percent_covered": 0.0, "percent_covered_display": "0", "missing_lines": 8, "excluded_lines": 0, "percent_statements_covered": 0.0, "percent_statements_covered_display": "0"}, "missing_lines": [1106, 1107, 1110, 1111, 1112, 1113, 1115, 1122], "excluded_lines": []}, "AliveLoopNode.initiate_trust_consensus_vote": {"executed_lines": [], "summary": {"covered_lines": 0, "num_statements": 9, "percent_covered": 0.0, "percent_covered_display": "0", "missing_lines": 9, "excluded_lines": 0, "percent_statements_covered": 0.0, "percent_statements_covered_display": "0"}, "missing_lines": [1128, 1131, 1132, 1135, 1136, 1137, 1138, 1141, 1142], "excluded_lines": []}, "AliveLoopNode.respond_to_trust_vote": {"executed_lines": [], "summary": {"covered_lines": 0, "num_statements": 8, "percent_covered": 0.0, "percent_covered_display": "0", "missing_lines": 8, "excluded_lines": 0, "percent_statements_covered": 0.0, "percent_statements_covered_display": "0"}, "missing_lines": [1146, 1147, 1148, 1151, 1154, 1155, 1156, 1158], "excluded_lines": []}, "AliveLoopNode.run_byzantine_stress_test": {"executed_lines": [], "summary": {"covered_lines": 0, "num_statements": 6, "percent_covered": 0.0, "percent_covered_display": "0", "missing_lines": 6, "excluded_lines": 0, "percent_statements_covered": 0.0, "percent_statements_covered_display": "0"}, "missing_lines": [1170, 1172, 1178, 1179, 1180, 1182], "excluded_lines": []}, "AliveLoopNode.process_trust_verification_request": {"executed_lines": [], "summary": {"covered_lines": 0, "num_statements": 5, "percent_covered": 0.0, "percent_covered_display": "0", "missing_lines": 5, "excluded_lines": 0, "percent_statements_covered": 0.0, "percent_statements_covered_display": "0"}, "missing_lines": [1186, 1187, 1188, 1191, 1192], "excluded_lines": []}, "AliveLoopNode.handle_community_trust_feedback": {"executed_lines": [], "summary": {"covered_lines": 0, "num_statements": 3, "percent_covered": 0.0, "percent_covered_display": "0", "missing_lines": 3, "excluded_lines": 0, "percent_statements_covered": 0.0, "percent_statements_covered_display": "0"}, "missing_lines": [1200, 1202, 1204], "excluded_lines": []}, "AliveLoopNode._update_trust_attribute": {"executed_lines": [], "summary": {"covered_lines": 0, "num_statements": 10, "percent_covered": 0.0, "percent_covered_display": "0", "missing_lines": 10, "excluded_lines": 0, "percent_statements_covered": 0.0, "percent_statements_covered_display": "0"}, "missing_lines": [1208, 1209, 1210, 1213, 1214, 1216, 1217, 1220, 1221, 1223], "excluded_lines": []}, "AliveLoopNode._is_memory_relevant": {"executed_lines": [], "summary": {"covered_lines": 0, "num_statements": 8, "percent_covered": 0.0, "percent_covered_display": "0", "missing_lines": 8, "excluded_lines": 0, "percent_statements_covered": 0.0, "percent_statements_covered_display": "0"}, "missing_lines": [1228, 1229, 1231, 1234, 1235, 1236, 1237, 1238], "excluded_lines": []}, "AliveLoopNode.process_social_interactions": {"executed_lines": [], "summary": {"covered_lines": 0, "num_statements": 6, "percent_covered": 0.0, "percent_covered_display": "0", "missing_lines": 6, "excluded_lines": 0, "percent_statements_covered": 0.0, "percent_statements_covered_display": "0"}, "missing_lines": [1242, 1243, 1244, 1245, 1246, 1248], "excluded_lines": []}, "AliveLoopNode.share_valuable_memory": {"executed_lines": [], "summary": {"covered_lines": 0, "num_statements": 17, "percent_covered": 0.0, "percent_covered_display": "0", "missing_lines": 17, "excluded_lines": 0, "percent_statements_covered": 0.0, "percent_statements_covered_display": "0"}, "missing_lines": [1252, 1253, 1256, 1257, 1258, 1260, 1261, 1264, 1273, 1274, 1277, 1278, 1279, 1281, 1283, 1284, 1285], "excluded_lines": []}, "AliveLoopNode._would_node_value_memory": {"executed_lines": [], "summary": {"covered_lines": 0, "num_statements": 5, "percent_covered": 0.0, "percent_covered_display": "0", "missing_lines": 5, "excluded_lines": 0, "percent_statements_covered": 0.0, "percent_statements_covered_display": "0"}, "missing_lines": [1290, 1291, 1294, 1295, 1298], "excluded_lines": []}, "AliveLoopNode._cleanup_memory": {"executed_lines": [1303, 1306, 1311], "summary": {"covered_lines": 3, "num_statements": 6, "percent_covered": 50.0, "percent_covered_display": "50", "missing_lines": 3, "excluded_lines": 0, "percent_statements_covered": 50.0, "percent_statements_covered_display": "50"}, "missing_lines": [1307, 1308, 1312], "excluded_lines": []}, "AliveLoopNode._reset_rate_limits": {"executed_lines": [1316, 1317, 1318], "summary": {"covered_lines": 3, "num_statements": 3, "percent_covered": 100.0, "percent_covered_display": "100", "missing_lines": 0, "excluded_lines": 0, "percent_statements_covered": 100.0, "percent_statements_covered_display": "100"}, "missing_lines": [], "excluded_lines": []}, "AliveLoopNode.move": {"executed_lines": [1422, 1424, 1427, 1428], "summary": {"covered_lines": 4, "num_statements": 4, "percent_covered": 100.0, "percent_covered_display": "100", "missing_lines": 0, "excluded_lines": 0, "percent_statements_covered": 100.0, "percent_statements_covered_display": "100"}, "missing_lines": [], "excluded_lines": []}, "AliveLoopNode._sync_time_management": {"executed_lines": [1337, 1338, 1340, 1341, 1342, 1344, 1345], "summary": {"covered_lines": 7, "num_statements": 7, "percent_covered": 100.0, "percent_covered_display": "100", "missing_lines": 0, "excluded_lines": 0, "percent_statements_covered": 100.0, "percent_statements_covered_display": "100"}, "missing_lines": [], "excluded_lines": []}, "AliveLoopNode._perform_periodic_maintenance": {"executed_lines": [1350, 1353, 1354, 1357, 1358], "summary": {"covered_lines": 5, "num_statements": 5, "percent_covered": 100.0, "percent_covered_display": "100", "missing_lines": 0, "excluded_lines": 0, "percent_statements_covered": 100.0, "percent_statements_covered_display": "100"}, "missing_lines": [], "excluded_lines": []}, "AliveLoopNode._determine_phase_transition": {"executed_lines": [1362, 1365, 1367, 1368, 1370], "summary": {"covered_lines": 5, "num_statements": 8, "percent_covered": 62.5, "percent_covered_display": "62", "missing_lines": 3, "excluded_lines": 0, "percent_statements_covered": 62.5, "percent_statements_covered_display": "62"}, "missing_lines": [1363, 1364, 1366], "excluded_lines": []}, "AliveLoopNode._set_sleep_stage": {"executed_lines": [], "summary": {"covered_lines": 0, "num_statements": 5, "percent_covered": 0.0, "percent_covered_display": "0", "missing_lines": 5, "excluded_lines": 0, "percent_statements_covered": 0.0, "percent_statements_covered_display": "0"}, "missing_lines": [1374, 1375, 1376, 1377, 1379], "excluded_lines": []}, "AliveLoopNode._update_communication_style": {"executed_lines": [1383, 1384, 1385], "summary": {"covered_lines": 3, "num_statements": 4, "percent_covered": 75.0, "percent_covered_display": "75", "missing_lines": 1, "excluded_lines": 0, "percent_statements_covered": 75.0, "percent_statements_covered_display": "75"}, "missing_lines": [1386], "excluded_lines": []}, "AliveLoopNode._handle_proactive_interventions": {"executed_lines": [1390, 1391, 1392], "summary": {"covered_lines": 3, "num_statements": 4, "percent_covered": 75.0, "percent_covered_display": "75", "missing_lines": 1, "excluded_lines": 0, "percent_statements_covered": 75.0, "percent_statements_covered_display": "75"}, "missing_lines": [1395], "excluded_lines": []}, "AliveLoopNode.step_phase": {"executed_lines": [1400, 1403, 1406, 1409, 1412, 1415, 1418], "summary": {"covered_lines": 7, "num_statements": 7, "percent_covered": 100.0, "percent_covered_display": "100", "missing_lines": 0, "excluded_lines": 0, "percent_statements_covered": 100.0, "percent_statements_covered_display": "100"}, "missing_lines": [], "excluded_lines": []}, "AliveLoopNode.interact_with_capacitor": {"executed_lines": [], "summary": {"covered_lines": 0, "num_statements": 16, "percent_covered": 0.0, "percent_covered_display": "0", "missing_lines": 16, "excluded_lines": 0, "percent_statements_covered": 0.0, "percent_statements_covered_display": "0"}, "missing_lines": [1433, 1434, 1435, 1438, 1440, 1441, 1442, 1444, 1446, 1447, 1448, 1449, 1452, 1453, 1454, 1455], "excluded_lines": []}, "AliveLoopNode.predict_energy": {"executed_lines": [], "summary": {"covered_lines": 0, "num_statements": 13, "percent_covered": 0.0, "percent_covered_display": "0", "missing_lines": 13, "excluded_lines": 0, "percent_statements_covered": 0.0, "percent_statements_covered_display": "0"}, "missing_lines": [1460, 1461, 1463, 1464, 1466, 1468, 1469, 1470, 1471, 1473, 1474, 1475, 1477], "excluded_lines": []}, "AliveLoopNode.train": {"executed_lines": [], "summary": {"covered_lines": 0, "num_statements": 29, "percent_covered": 0.0, "percent_covered_display": "0", "missing_lines": 29, "excluded_lines": 0, "percent_statements_covered": 0.0, "percent_statements_covered_display": "0"}, "missing_lines": [1505, 1506, 1508, 1509, 1511, 1512, 1513, 1514, 1515, 1517, 1520, 1521, 1522, 1534, 1535, 1538, 1540, 1541, 1542, 1543, 1545, 1546, 1549, 1550, 1552, 1555, 1556, 1559, 1561], "excluded_lines": []}, "AliveLoopNode.clear_anxiety": {"executed_lines": [], "summary": {"covered_lines": 0, "num_statements": 3, "percent_covered": 0.0, "percent_covered_display": "0", "missing_lines": 3, "excluded_lines": 0, "percent_statements_covered": 0.0, "percent_statements_covered_display": "0"}, "missing_lines": [1572, 1573, 1575], "excluded_lines": []}, "AliveLoopNode.check_anxiety_overwhelm": {"executed_lines": [], "summary": {"covered_lines": 0, "num_statements": 1, "percent_covered": 0.0, "percent_covered_display": "0", "missing_lines": 1, "excluded_lines": 0, "percent_statements_covered": 0.0, "percent_statements_covered_display": "0"}, "missing_lines": [1581], "excluded_lines": []}, "AliveLoopNode.can_send_help_signal": {"executed_lines": [], "summary": {"covered_lines": 0, "num_statements": 8, "percent_covered": 0.0, "percent_covered_display": "0", "missing_lines": 8, "excluded_lines": 0, "percent_statements_covered": 0.0, "percent_statements_covered_display": "0"}, "missing_lines": [1585, 1588, 1589, 1592, 1593, 1596, 1597, 1599], "excluded_lines": []}, "AliveLoopNode.send_help_signal": {"executed_lines": [], "summary": {"covered_lines": 0, "num_statements": 17, "percent_covered": 0.0, "percent_covered_display": "0", "missing_lines": 17, "excluded_lines": 0, "percent_statements_covered": 0.0, "percent_statements_covered_display": "0"}, "missing_lines": [1611, 1612, 1615, 1626, 1627, 1628, 1632, 1634, 1635, 1636, 1639, 1648, 1649, 1652, 1659, 1661, 1663], "excluded_lines": []}, "AliveLoopNode._process_anxiety_help_signal": {"executed_lines": [], "summary": {"covered_lines": 0, "num_statements": 19, "percent_covered": 0.0, "percent_covered_display": "0", "missing_lines": 19, "excluded_lines": 0, "percent_statements_covered": 0.0, "percent_statements_covered_display": "0"}, "missing_lines": [1667, 1669, 1670, 1672, 1673, 1674, 1677, 1678, 1681, 1684, 1691, 1700, 1707, 1710, 1711, 1714, 1715, 1717, 1719], "excluded_lines": []}, "AliveLoopNode._process_anxiety_help_response": {"executed_lines": [], "summary": {"covered_lines": 0, "num_statements": 16, "percent_covered": 0.0, "percent_covered_display": "0", "missing_lines": 16, "excluded_lines": 0, "percent_statements_covered": 0.0, "percent_statements_covered_display": "0"}, "missing_lines": [1728, 1730, 1731, 1733, 1734, 1736, 1737, 1740, 1741, 1744, 1747, 1748, 1751, 1764, 1766, 1768], "excluded_lines": []}, "AliveLoopNode.send_joy_share_signal": {"executed_lines": [], "summary": {"covered_lines": 0, "num_statements": 15, "percent_covered": 0.0, "percent_covered_display": "0", "missing_lines": 15, "excluded_lines": 0, "percent_statements_covered": 0.0, "percent_statements_covered_display": "0"}, "missing_lines": [1784, 1785, 1788, 1800, 1801, 1802, 1805, 1807, 1808, 1811, 1820, 1827, 1830, 1832, 1833], "excluded_lines": []}, "AliveLoopNode._process_joy_share_signal": {"executed_lines": [], "summary": {"covered_lines": 0, "num_statements": 42, "percent_covered": 0.0, "percent_covered_display": "0", "missing_lines": 42, "excluded_lines": 0, "percent_statements_covered": 0.0, "percent_statements_covered_display": "0"}, "missing_lines": [1837, 1839, 1840, 1842, 1843, 1844, 1847, 1848, 1851, 1854, 1855, 1859, 1862, 1863, 1866, 1867, 1869, 1870, 1873, 1874, 1875, 1877, 1878, 1879, 1881, 1882, 1883, 1886, 1887, 1888, 1890, 1891, 1892, 1895, 1896, 1899, 1900, 1903, 1904, 1907, 1920, 1922], "excluded_lines": []}, "AliveLoopNode.send_grief_support_request": {"executed_lines": [], "summary": {"covered_lines": 0, "num_statements": 15, "percent_covered": 0.0, "percent_covered_display": "0", "missing_lines": 15, "excluded_lines": 0, "percent_statements_covered": 0.0, "percent_statements_covered_display": "0"}, "missing_lines": [1938, 1939, 1942, 1954, 1955, 1956, 1961, 1963, 1964, 1965, 1968, 1977, 1984, 1986, 1988], "excluded_lines": []}, "AliveLoopNode._process_grief_support_request_signal": {"executed_lines": [], "summary": {"covered_lines": 0, "num_statements": 26, "percent_covered": 0.0, "percent_covered_display": "0", "missing_lines": 26, "excluded_lines": 0, "percent_statements_covered": 0.0, "percent_statements_covered_display": "0"}, "missing_lines": [1992, 1994, 1995, 1997, 1998, 1999, 2002, 2005, 2006, 2009, 2018, 2021, 2024, 2027, 2030, 2032, 2033, 2036, 2046, 2053, 2056, 2057, 2060, 2061, 2063, 2065], "excluded_lines": []}, "AliveLoopNode._process_grief_support_response_signal": {"executed_lines": [], "summary": {"covered_lines": 0, "num_statements": 19, "percent_covered": 0.0, "percent_covered_display": "0", "missing_lines": 19, "excluded_lines": 0, "percent_statements_covered": 0.0, "percent_statements_covered_display": "0"}, "missing_lines": [2074, 2076, 2077, 2079, 2080, 2082, 2083, 2086, 2087, 2088, 2091, 2094, 2095, 2096, 2099, 2100, 2103, 2116, 2118], "excluded_lines": []}, "AliveLoopNode._process_celebration_invite_signal": {"executed_lines": [], "summary": {"covered_lines": 0, "num_statements": 18, "percent_covered": 0.0, "percent_covered_display": "0", "missing_lines": 18, "excluded_lines": 0, "percent_statements_covered": 0.0, "percent_statements_covered_display": "0"}, "missing_lines": [2125, 2127, 2128, 2130, 2131, 2132, 2135, 2136, 2142, 2143, 2144, 2147, 2150, 2153, 2160, 2162, 2164, 2171], "excluded_lines": []}, "AliveLoopNode._process_comfort_request_signal": {"executed_lines": [], "summary": {"covered_lines": 0, "num_statements": 15, "percent_covered": 0.0, "percent_covered_display": "0", "missing_lines": 15, "excluded_lines": 0, "percent_statements_covered": 0.0, "percent_statements_covered_display": "0"}, "missing_lines": [2175, 2177, 2178, 2180, 2181, 2182, 2185, 2186, 2190, 2193, 2202, 2205, 2207, 2209, 2216], "excluded_lines": []}, "AliveLoopNode._process_comfort_response_signal": {"executed_lines": [], "summary": {"covered_lines": 0, "num_statements": 14, "percent_covered": 0.0, "percent_covered_display": "0", "missing_lines": 14, "excluded_lines": 0, "percent_statements_covered": 0.0, "percent_statements_covered_display": "0"}, "missing_lines": [2220, 2222, 2223, 2225, 2226, 2228, 2229, 2232, 2233, 2234, 2237, 2240, 2247, 2249], "excluded_lines": []}, "AliveLoopNode.apply_calm_effect": {"executed_lines": [2253], "summary": {"covered_lines": 1, "num_statements": 4, "percent_covered": 25.0, "percent_covered_display": "25", "missing_lines": 3, "excluded_lines": 0, "percent_statements_covered": 25.0, "percent_statements_covered_display": "25"}, "missing_lines": [2254, 2255, 2257], "excluded_lines": []}, "AliveLoopNode.reset_help_signal_limits": {"executed_lines": [2261, 2262], "summary": {"covered_lines": 2, "num_statements": 2, "percent_covered": 100.0, "percent_covered_display": "100", "missing_lines": 0, "excluded_lines": 0, "percent_statements_covered": 100.0, "percent_statements_covered_display": "100"}, "missing_lines": [], "excluded_lines": []}, "AliveLoopNode.get_anxiety_status": {"executed_lines": [], "summary": {"covered_lines": 0, "num_statements": 1, "percent_covered": 0.0, "percent_covered_display": "0", "missing_lines": 1, "excluded_lines": 0, "percent_statements_covered": 0.0, "percent_statements_covered_display": "0"}, "missing_lines": [2266], "excluded_lines": []}, "AliveLoopNode.record_suspicious_event": {"executed_lines": [], "summary": {"covered_lines": 0, "num_statements": 3, "percent_covered": 0.0, "percent_covered_display": "0", "missing_lines": 3, "excluded_lines": 0, "percent_statements_covered": 0.0, "percent_statements_covered_display": "0"}, "missing_lines": [2283, 2284, 2285], "excluded_lines": []}, "AliveLoopNode.handle_attack_detection": {"executed_lines": [], "summary": {"covered_lines": 0, "num_statements": 2, "percent_covered": 0.0, "percent_covered_display": "0", "missing_lines": 2, "excluded_lines": 0, "percent_statements_covered": 0.0, "percent_statements_covered_display": "0"}, "missing_lines": [2293, 2294], "excluded_lines": []}, "AliveLoopNode.share_energy": {"executed_lines": [], "summary": {"covered_lines": 0, "num_statements": 5, "percent_covered": 0.0, "percent_covered_display": "0", "missing_lines": 5, "excluded_lines": 0, "percent_statements_covered": 0.0, "percent_statements_covered_display": "0"}, "missing_lines": [2299, 2300, 2302, 2303, 2310], "excluded_lines": []}, "AliveLoopNode.activate_emergency_energy_conservation": {"executed_lines": [], "summary": {"covered_lines": 0, "num_statements": 14, "percent_covered": 0.0, "percent_covered_display": "0", "missing_lines": 14, "excluded_lines": 0, "percent_statements_covered": 0.0, "percent_statements_covered_display": "0"}, "missing_lines": [2314, 2315, 2316, 2319, 2320, 2326, 2327, 2330, 2331, 2332, 2335, 2336, 2339, 2340], "excluded_lines": []}, "AliveLoopNode.activate_survival_mode": {"executed_lines": [], "summary": {"covered_lines": 0, "num_statements": 6, "percent_covered": 0.0, "percent_covered_display": "0", "missing_lines": 6, "excluded_lines": 0, "percent_statements_covered": 0.0, "percent_statements_covered_display": "0"}, "missing_lines": [2344, 2345, 2346, 2349, 2350, 2353], "excluded_lines": []}, "AliveLoopNode.deactivate_survival_mode": {"executed_lines": [], "summary": {"covered_lines": 0, "num_statements": 4, "percent_covered": 0.0, "percent_covered_display": "0", "missing_lines": 4, "excluded_lines": 0, "percent_statements_covered": 0.0, "percent_statements_covered_display": "0"}, "missing_lines": [2357, 2358, 2359, 2360], "excluded_lines": []}, "AliveLoopNode.deactivate_emergency_energy_conservation": {"executed_lines": [], "summary": {"covered_lines": 0, "num_statements": 11, "percent_covered": 0.0, "percent_covered_display": "0", "missing_lines": 11, "excluded_lines": 0, "percent_statements_covered": 0.0, "percent_statements_covered_display": "0"}, "missing_lines": [2364, 2365, 2366, 2369, 2370, 2371, 2372, 2375, 2376, 2379, 2380], "excluded_lines": []}, "AliveLoopNode.detect_energy_attack": {"executed_lines": [], "summary": {"covered_lines": 0, "num_statements": 24, "percent_covered": 0.0, "percent_covered_display": "0", "missing_lines": 24, "excluded_lines": 0, "percent_statements_covered": 0.0, "percent_statements_covered_display": "0"}, "missing_lines": [2384, 2385, 2388, 2391, 2392, 2394, 2395, 2396, 2398, 2399, 2402, 2403, 2405, 2406, 2407, 2409, 2410, 2411, 2412, 2413, 2414, 2415, 2416, 2418], "excluded_lines": []}, "AliveLoopNode.request_distributed_energy": {"executed_lines": [], "summary": {"covered_lines": 0, "num_statements": 9, "percent_covered": 0.0, "percent_covered_display": "0", "missing_lines": 9, "excluded_lines": 0, "percent_statements_covered": 0.0, "percent_statements_covered_display": "0"}, "missing_lines": [2422, 2423, 2426, 2429, 2430, 2433, 2441, 2442, 2444], "excluded_lines": []}, "AliveLoopNode.contribute_to_energy_pool": {"executed_lines": [], "summary": {"covered_lines": 0, "num_statements": 5, "percent_covered": 0.0, "percent_covered_display": "0", "missing_lines": 5, "excluded_lines": 0, "percent_statements_covered": 0.0, "percent_statements_covered_display": "0"}, "missing_lines": [2448, 2449, 2450, 2451, 2452], "excluded_lines": []}, "AliveLoopNode.adaptive_energy_allocation": {"executed_lines": [], "summary": {"covered_lines": 0, "num_statements": 25, "percent_covered": 0.0, "percent_covered_display": "0", "missing_lines": 25, "excluded_lines": 0, "percent_statements_covered": 0.0, "percent_statements_covered_display": "0"}, "missing_lines": [2457, 2458, 2460, 2461, 2464, 2465, 2468, 2469, 2470, 2472, 2475, 2476, 2477, 2481, 2482, 2486, 2487, 2488, 2489, 2490, 2494, 2495, 2496, 2497, 2498], "excluded_lines": []}, "AliveLoopNode.record_energy_drain": {"executed_lines": [], "summary": {"covered_lines": 0, "num_statements": 2, "percent_covered": 0.0, "percent_covered_display": "0", "missing_lines": 2, "excluded_lines": 0, "percent_statements_covered": 0.0, "percent_statements_covered_display": "0"}, "missing_lines": [2502, 2509], "excluded_lines": []}, "AliveLoopNode.update_anxiety": {"executed_lines": [], "summary": {"covered_lines": 0, "num_statements": 6, "percent_covered": 0.0, "percent_covered_display": "0", "missing_lines": 6, "excluded_lines": 0, "percent_statements_covered": 0.0, "percent_statements_covered_display": "0"}, "missing_lines": [2515, 2516, 2517, 2519, 2520, 2521], "excluded_lines": []}, "AliveLoopNode.update_joy": {"executed_lines": [], "summary": {"covered_lines": 0, "num_statements": 3, "percent_covered": 0.0, "percent_covered_display": "0", "missing_lines": 3, "excluded_lines": 0, "percent_statements_covered": 0.0, "percent_statements_covered_display": "0"}, "missing_lines": [2525, 2526, 2527], "excluded_lines": []}, "AliveLoopNode.update_grief": {"executed_lines": [], "summary": {"covered_lines": 0, "num_statements": 3, "percent_covered": 0.0, "percent_covered_display": "0", "missing_lines": 3, "excluded_lines": 0, "percent_statements_covered": 0.0, "percent_statements_covered_display": "0"}, "missing_lines": [2531, 2532, 2533], "excluded_lines": []}, "AliveLoopNode.update_sadness": {"executed_lines": [], "summary": {"covered_lines": 0, "num_statements": 3, "percent_covered": 0.0, "percent_covered_display": "0", "missing_lines": 3, "excluded_lines": 0, "percent_statements_covered": 0.0, "percent_statements_covered_display": "0"}, "missing_lines": [2537, 2538, 2539], "excluded_lines": []}, "AliveLoopNode.update_calm": {"executed_lines": [], "summary": {"covered_lines": 0, "num_statements": 3, "percent_covered": 0.0, "percent_covered_display": "0", "missing_lines": 3, "excluded_lines": 0, "percent_statements_covered": 0.0, "percent_statements_covered_display": "0"}, "missing_lines": [2543, 2544, 2545], "excluded_lines": []}, "AliveLoopNode.update_anger": {"executed_lines": [], "summary": {"covered_lines": 0, "num_statements": 3, "percent_covered": 0.0, "percent_covered_display": "0", "missing_lines": 3, "excluded_lines": 0, "percent_statements_covered": 0.0, "percent_statements_covered_display": "0"}, "missing_lines": [2549, 2550, 2551], "excluded_lines": []}, "AliveLoopNode.update_hope": {"executed_lines": [], "summary": {"covered_lines": 0, "num_statements": 3, "percent_covered": 0.0, "percent_covered_display": "0", "missing_lines": 3, "excluded_lines": 0, "percent_statements_covered": 0.0, "percent_statements_covered_display": "0"}, "missing_lines": [2555, 2556, 2557], "excluded_lines": []}, "AliveLoopNode.update_curiosity": {"executed_lines": [], "summary": {"covered_lines": 0, "num_statements": 3, "percent_covered": 0.0, "percent_covered_display": "0", "missing_lines": 3, "excluded_lines": 0, "percent_statements_covered": 0.0, "percent_statements_covered_display": "0"}, "missing_lines": [2561, 2562, 2563], "excluded_lines": []}, "AliveLoopNode.update_frustration": {"executed_lines": [], "summary": {"covered_lines": 0, "num_statements": 3, "percent_covered": 0.0, "percent_covered_display": "0", "missing_lines": 3, "excluded_lines": 0, "percent_statements_covered": 0.0, "percent_statements_covered_display": "0"}, "missing_lines": [2567, 2568, 2569], "excluded_lines": []}, "AliveLoopNode.update_resilience": {"executed_lines": [], "summary": {"covered_lines": 0, "num_statements": 3, "percent_covered": 0.0, "percent_covered_display": "0", "missing_lines": 3, "excluded_lines": 0, "percent_statements_covered": 0.0, "percent_statements_covered_display": "0"}, "missing_lines": [2573, 2574, 2575], "excluded_lines": []}, "AliveLoopNode.update_emotion": {"executed_lines": [], "summary": {"covered_lines": 0, "num_statements": 13, "percent_covered": 0.0, "percent_covered_display": "0", "missing_lines": 13, "excluded_lines": 0, "percent_statements_covered": 0.0, "percent_statements_covered_display": "0"}, "missing_lines": [2579, 2580, 2583, 2584, 2585, 2588, 2589, 2592, 2593, 2594, 2595, 2598, 2599], "excluded_lines": []}, "AliveLoopNode.update_emotional_states": {"executed_lines": [2603, 2606, 2607, 2608, 2611, 2612, 2613, 2614, 2617, 2618, 2619], "summary": {"covered_lines": 11, "num_statements": 11, "percent_covered": 100.0, "percent_covered_display": "100", "missing_lines": 0, "excluded_lines": 0, "percent_statements_covered": 100.0, "percent_statements_covered_display": "100"}, "missing_lines": [], "excluded_lines": []}, "AliveLoopNode.predict_emotional_state": {"executed_lines": [2624, 2638, 2641, 2644, 2646, 2647], "summary": {"covered_lines": 6, "num_statements": 34, "percent_covered": 17.647058823529413, "percent_covered_display": "18", "missing_lines": 28, "excluded_lines": 0, "percent_statements_covered": 17.647058823529413, "percent_statements_covered_display": "18"}, "missing_lines": [2642, 2649, 2652, 2653, 2654, 2657, 2658, 2659, 2660, 2661, 2662, 2663, 2664, 2666, 2667, 2669, 2670, 2671, 2674, 2675, 2676, 2677, 2678, 2679, 2680, 2681, 2682, 2684], "excluded_lines": []}, "AliveLoopNode.get_emotional_trends": {"executed_lines": [2688, 2691, 2692, 2693, 2696, 2697, 2700, 2702, 2704, 2707, 2710, 2712, 2715, 2717], "summary": {"covered_lines": 14, "num_statements": 18, "percent_covered": 77.77777777777777, "percent_covered_display": "78", "missing_lines": 4, "excluded_lines": 0, "percent_statements_covered": 77.77777777777777, "percent_statements_covered_display": "78"}, "missing_lines": [2703, 2705, 2711, 2713], "excluded_lines": []}, "AliveLoopNode._check_anxiety_intervention": {"executed_lines": [2721, 2724], "summary": {"covered_lines": 2, "num_statements": 3, "percent_covered": 66.66666666666667, "percent_covered_display": "67", "missing_lines": 1, "excluded_lines": 0, "percent_statements_covered": 66.66666666666667, "percent_statements_covered_display": "67"}, "missing_lines": [2723], "excluded_lines": []}, "AliveLoopNode._check_grief_intervention": {"executed_lines": [2728, 2730], "summary": {"covered_lines": 2, "num_statements": 3, "percent_covered": 66.66666666666667, "percent_covered_display": "67", "missing_lines": 1, "excluded_lines": 0, "percent_statements_covered": 66.66666666666667, "percent_statements_covered_display": "67"}, "missing_lines": [2729], "excluded_lines": []}, "AliveLoopNode._check_sadness_intervention": {"executed_lines": [2734, 2737], "summary": {"covered_lines": 2, "num_statements": 3, "percent_covered": 66.66666666666667, "percent_covered_display": "67", "missing_lines": 1, "excluded_lines": 0, "percent_statements_covered": 66.66666666666667, "percent_statements_covered_display": "67"}, "missing_lines": [2736], "excluded_lines": []}, "AliveLoopNode._check_anger_intervention": {"executed_lines": [2741, 2743], "summary": {"covered_lines": 2, "num_statements": 3, "percent_covered": 66.66666666666667, "percent_covered_display": "67", "missing_lines": 1, "excluded_lines": 0, "percent_statements_covered": 66.66666666666667, "percent_statements_covered_display": "67"}, "missing_lines": [2742], "excluded_lines": []}, "AliveLoopNode._check_hope_intervention": {"executed_lines": [2747, 2749], "summary": {"covered_lines": 2, "num_statements": 3, "percent_covered": 66.66666666666667, "percent_covered_display": "67", "missing_lines": 1, "excluded_lines": 0, "percent_statements_covered": 66.66666666666667, "percent_statements_covered_display": "67"}, "missing_lines": [2748], "excluded_lines": []}, "AliveLoopNode._check_curiosity_intervention": {"executed_lines": [2753, 2756], "summary": {"covered_lines": 2, "num_statements": 3, "percent_covered": 66.66666666666667, "percent_covered_display": "67", "missing_lines": 1, "excluded_lines": 0, "percent_statements_covered": 66.66666666666667, "percent_statements_covered_display": "67"}, "missing_lines": [2755], "excluded_lines": []}, "AliveLoopNode._check_frustration_intervention": {"executed_lines": [2760, 2763], "summary": {"covered_lines": 2, "num_statements": 3, "percent_covered": 66.66666666666667, "percent_covered_display": "67", "missing_lines": 1, "excluded_lines": 0, "percent_statements_covered": 66.66666666666667, "percent_statements_covered_display": "67"}, "missing_lines": [2762], "excluded_lines": []}, "AliveLoopNode._check_resilience_intervention": {"executed_lines": [2767, 2770], "summary": {"covered_lines": 2, "num_statements": 3, "percent_covered": 66.66666666666667, "percent_covered_display": "67", "missing_lines": 1, "excluded_lines": 0, "percent_statements_covered": 66.66666666666667, "percent_statements_covered_display": "67"}, "missing_lines": [2769], "excluded_lines": []}, "AliveLoopNode._check_energy_emotional_intervention": {"executed_lines": [2774, 2775, 2777], "summary": {"covered_lines": 3, "num_statements": 4, "percent_covered": 75.0, "percent_covered_display": "75", "missing_lines": 1, "excluded_lines": 0, "percent_statements_covered": 75.0, "percent_statements_covered_display": "75"}, "missing_lines": [2776], "excluded_lines": []}, "AliveLoopNode._check_positive_interventions": {"executed_lines": [2782, 2786, 2790, 2793], "summary": {"covered_lines": 4, "num_statements": 7, "percent_covered": 57.142857142857146, "percent_covered_display": "57", "missing_lines": 3, "excluded_lines": 0, "percent_statements_covered": 57.142857142857146, "percent_statements_covered_display": "57"}, "missing_lines": [2783, 2787, 2791], "excluded_lines": []}, "AliveLoopNode._get_emotional_summary": {"executed_lines": [2797, 2798, 2799, 2800], "summary": {"covered_lines": 4, "num_statements": 4, "percent_covered": 100.0, "percent_covered_display": "100", "missing_lines": 0, "excluded_lines": 0, "percent_statements_covered": 100.0, "percent_statements_covered_display": "100"}, "missing_lines": [], "excluded_lines": []}, "AliveLoopNode.assess_intervention_need": {"executed_lines": [2804, 2807, 2808, 2809, 2812, 2825, 2826, 2827, 2828, 2831, 2832, 2833, 2840], "summary": {"covered_lines": 13, "num_statements": 18, "percent_covered": 72.22222222222223, "percent_covered_display": "72", "missing_lines": 5, "excluded_lines": 0, "percent_statements_covered": 72.22222222222223, "percent_statements_covered_display": "72"}, "missing_lines": [2834, 2835, 2836, 2837, 2838], "excluded_lines": []}, "AliveLoopNode.try_send_help_signal": {"executed_lines": [], "summary": {"covered_lines": 0, "num_statements": 14, "percent_covered": 0.0, "percent_covered_display": "0", "missing_lines": 14, "excluded_lines": 0, "percent_statements_covered": 0.0, "percent_statements_covered_display": "0"}, "missing_lines": [2853, 2855, 2856, 2857, 2858, 2860, 2861, 2862, 2863, 2864, 2865, 2868, 2869, 2870], "excluded_lines": []}, "AliveLoopNode.receive_help": {"executed_lines": [], "summary": {"covered_lines": 0, "num_statements": 9, "percent_covered": 0.0, "percent_covered_display": "0", "missing_lines": 9, "excluded_lines": 0, "percent_statements_covered": 0.0, "percent_statements_covered_display": "0"}, "missing_lines": [2874, 2876, 2877, 2879, 2880, 2881, 2882, 2883, 2884], "excluded_lines": []}, "AliveLoopNode.calculate_composite_emotional_health": {"executed_lines": [2892, 2895, 2896, 2897, 2900, 2901, 2902, 2903, 2906, 2907, 2910, 2911, 2912, 2913, 2917, 2918, 2919, 2920, 2922, 2926, 2929, 2932, 2933, 2936, 2937, 2943, 2949, 2956, 2957, 2960, 2961, 2963, 2965, 2967, 2970, 2972], "summary": {"covered_lines": 36, "num_statements": 42, "percent_covered": 85.71428571428571, "percent_covered_display": "86", "missing_lines": 6, "excluded_lines": 0, "percent_statements_covered": 85.71428571428571, "percent_statements_covered_display": "86"}, "missing_lines": [2893, 2915, 2962, 2964, 2966, 2968], "excluded_lines": []}, "AliveLoopNode.add_emotion_to_schema": {"executed_lines": [], "summary": {"covered_lines": 0, "num_statements": 8, "percent_covered": 0.0, "percent_covered_display": "0", "missing_lines": 8, "excluded_lines": 0, "percent_statements_covered": 0.0, "percent_statements_covered_display": "0"}, "missing_lines": [2990, 2991, 2994, 3002, 3005, 3006, 3009, 3011], "excluded_lines": []}, "AliveLoopNode.remove_emotion_from_schema": {"executed_lines": [], "summary": {"covered_lines": 0, "num_statements": 13, "percent_covered": 0.0, "percent_covered_display": "0", "missing_lines": 13, "excluded_lines": 0, "percent_statements_covered": 0.0, "percent_statements_covered_display": "0"}, "missing_lines": [3023, 3024, 3027, 3028, 3031, 3034, 3035, 3037, 3038, 3039, 3042, 3043, 3045], "excluded_lines": []}, "AliveLoopNode.get_emotion_schema_config": {"executed_lines": [], "summary": {"covered_lines": 0, "num_statements": 1, "percent_covered": 0.0, "percent_covered_display": "0", "missing_lines": 1, "excluded_lines": 0, "percent_statements_covered": 0.0, "percent_statements_covered_display": "0"}, "missing_lines": [3049], "excluded_lines": []}, "AliveLoopNode.reset_emotion_to_default": {"executed_lines": [], "summary": {"covered_lines": 0, "num_statements": 11, "percent_covered": 0.0, "percent_covered_display": "0", "missing_lines": 11, "excluded_lines": 0, "percent_statements_covered": 0.0, "percent_statements_covered_display": "0"}, "missing_lines": [3058, 3059, 3061, 3062, 3065, 3066, 3067, 3068, 3070, 3071, 3073], "excluded_lines": []}, "AliveLoopNode.graceful_shutdown": {"executed_lines": [], "summary": {"covered_lines": 0, "num_statements": 25, "percent_covered": 0.0, "percent_covered_display": "0", "missing_lines": 25, "excluded_lines": 0, "percent_statements_covered": 0.0, "percent_statements_covered_display": "0"}, "missing_lines": [3077, 3078, 3081, 3084, 3086, 3087, 3088, 3089, 3090, 3091, 3092, 3095, 3096, 3097, 3098, 3099, 3100, 3101, 3102, 3103, 3105, 3106, 3109, 3110, 3112], "excluded_lines": []}, "AliveLoopNode.replay_signals": {"executed_lines": [], "summary": {"covered_lines": 0, "num_statements": 13, "percent_covered": 0.0, "percent_covered_display": "0", "missing_lines": 13, "excluded_lines": 0, "percent_statements_covered": 0.0, "percent_statements_covered_display": "0"}, "missing_lines": [3116, 3117, 3118, 3119, 3121, 3122, 3123, 3124, 3125, 3128, 3136, 3138, 3139], "excluded_lines": []}, "AliveLoopNode.process_dlq_messages": {"executed_lines": [], "summary": {"covered_lines": 0, "num_statements": 7, "percent_covered": 0.0, "percent_covered_display": "0", "missing_lines": 7, "excluded_lines": 0, "percent_statements_covered": 0.0, "percent_statements_covered_display": "0"}, "missing_lines": [3143, 3145, 3146, 3147, 3157, 3159, 3160], "excluded_lines": []}, "AliveLoopNode.reprocess_dlq_message": {"executed_lines": [], "summary": {"covered_lines": 0, "num_statements": 19, "percent_covered": 0.0, "percent_covered_display": "0", "missing_lines": 19, "excluded_lines": 0, "percent_statements_covered": 0.0, "percent_statements_covered_display": "0"}, "missing_lines": [3164, 3165, 3166, 3167, 3170, 3171, 3174, 3175, 3178, 3179, 3180, 3182, 3183, 3184, 3185, 3186, 3189, 3191, 3192], "excluded_lines": []}, "AliveLoopNode.cleanup_expired_deduplication_entries": {"executed_lines": [], "summary": {"covered_lines": 0, "num_statements": 9, "percent_covered": 0.0, "percent_covered_display": "0", "missing_lines": 9, "excluded_lines": 0, "percent_statements_covered": 0.0, "percent_statements_covered_display": "0"}, "missing_lines": [3196, 3197, 3199, 3200, 3201, 3203, 3204, 3206, 3207], "excluded_lines": []}, "AliveLoopNode.reason_about_threat": {"executed_lines": [3225, 3227, 3238, 3239, 3240, 3245, 3250, 3251, 3252, 3253, 3263, 3270, 3271, 3280, 3281, 3282, 3283, 3289, 3290, 3291, 3298, 3301, 3305], "summary": {"covered_lines": 23, "num_statements": 35, "percent_covered": 65.71428571428571, "percent_covered_display": "66", "missing_lines": 12, "excluded_lines": 0, "percent_statements_covered": 65.71428571428571, "percent_statements_covered_display": "66"}, "missing_lines": [3241, 3242, 3246, 3247, 3264, 3265, 3272, 3273, 3274, 3275, 3292, 3293], "excluded_lines": []}, "AliveLoopNode.generate_countermeasure": {"executed_lines": [3322, 3324, 3325, 3327, 3337, 3339, 3341, 3342, 3343, 3344, 3345, 3380, 3381, 3384, 3396, 3397, 3402, 3408, 3411], "summary": {"covered_lines": 19, "num_statements": 48, "percent_covered": 39.583333333333336, "percent_covered_display": "40", "missing_lines": 29, "excluded_lines": 0, "percent_statements_covered": 39.583333333333336, "percent_statements_covered_display": "40"}, "missing_lines": [3347, 3349, 3350, 3351, 3352, 3353, 3355, 3357, 3358, 3359, 3360, 3361, 3363, 3365, 3366, 3367, 3368, 3369, 3373, 3374, 3375, 3376, 3377, 3385, 3386, 3391, 3392, 3393, 3398], "excluded_lines": []}, "AliveLoopNode.share_threat_intelligence": {"executed_lines": [3433, 3435, 3438, 3439, 3441, 3443, 3444, 3448, 3449, 3453, 3465, 3474, 3475, 3476, 3481, 3488, 3490], "summary": {"covered_lines": 17, "num_statements": 22, "percent_covered": 77.27272727272727, "percent_covered_display": "77", "missing_lines": 5, "excluded_lines": 0, "percent_statements_covered": 77.27272727272727, "percent_statements_covered_display": "77"}, "missing_lines": [3436, 3445, 3450, 3477, 3478], "excluded_lines": []}, "AliveLoopNode.enable_frequency_intelligence": {"executed_lines": [3517, 3518, 3520, 3529, 3530, 3531], "summary": {"covered_lines": 6, "num_statements": 9, "percent_covered": 66.66666666666667, "percent_covered_display": "67", "missing_lines": 3, "excluded_lines": 0, "percent_statements_covered": 66.66666666666667, "percent_statements_covered_display": "67"}, "missing_lines": [3533, 3534, 3535], "excluded_lines": []}, "AliveLoopNode.analyze_frequency_environment": {"executed_lines": [3550, 3554, 3556, 3559, 3565, 3566, 3575, 3578, 3586], "summary": {"covered_lines": 9, "num_statements": 16, "percent_covered": 56.25, "percent_covered_display": "56", "missing_lines": 7, "excluded_lines": 0, "percent_statements_covered": 56.25, "percent_statements_covered_display": "56"}, "missing_lines": [3551, 3552, 3579, 3580, 3599, 3600, 3601], "excluded_lines": []}, "AliveLoopNode.adapt_to_frequency_threats": {"executed_lines": [3610, 3613, 3615, 3617, 3619, 3620, 3623, 3635, 3645, 3648, 3653, 3657, 3661, 3668, 3669, 3671, 3672, 3674], "summary": {"covered_lines": 18, "num_statements": 37, "percent_covered": 48.648648648648646, "percent_covered_display": "49", "missing_lines": 19, "excluded_lines": 0, "percent_statements_covered": 48.648648648648646, "percent_statements_covered_display": "49"}, "missing_lines": [3611, 3625, 3628, 3629, 3632, 3633, 3637, 3638, 3641, 3650, 3651, 3655, 3659, 3663, 3664, 3665, 3676, 3677, 3678], "excluded_lines": []}, "run_social_simulation": {"executed_lines": [], "summary": {"covered_lines": 0, "num_statements": 19, "percent_covered": 0.0, "percent_covered_display": "0", "missing_lines": 19, "excluded_lines": 0, "percent_statements_covered": 0.0, "percent_statements_covered_display": "0"}, "missing_lines": [3684, 3685, 3686, 3688, 3691, 3692, 3693, 3694, 3695, 3698, 3699, 3701, 3702, 3705, 3708, 3709, 3710, 3713, 3716], "excluded_lines": []}, "": {"executed_lines": [1, 2, 3, 4, 5, 6, 7, 8, 9, 10, 12, 14, 15, 16, 19, 20, 21, 23, 24, 27, 28, 31, 32, 33, 34, 35, 36, 38, 39, 40, 41, 42, 44, 45, 46, 53, 54, 55, 56, 57, 58, 59, 60, 61, 64, 65, 66, 67, 70, 73, 75, 98, 101, 108, 134, 161, 183, 193, 202, 208, 209, 225, 253, 263, 269, 274, 279, 280, 281, 304, 305, 307, 458, 481, 552, 617, 631, 638, 643, 653, 674, 681, 713, 746, 756, 779, 812, 834, 861, 905, 930, 945, 957, 981, 1002, 1017, 1040, 1059, 1065, 1069, 1073, 1104, 1126, 1144, 1168, 1184, 1198, 1206, 1225, 1240, 1250, 1287, 1300, 1314, 1322, 1330, 1347, 1360, 1372, 1381, 1388, 1397, 1420, 1430, 1457, 1479, 1570, 1579, 1583, 1601, 1665, 1726, 1773, 1835, 1927, 1990, 2072, 2123, 2173, 2218, 2251, 2259, 2264, 2281, 2287, 2297, 2312, 2342, 2355, 2362, 2382, 2420, 2446, 2454, 2500, 2511, 2523, 2529, 2535, 2541, 2547, 2553, 2559, 2565, 2571, 2577, 2601, 2621, 2686, 2719, 2726, 2732, 2739, 2745, 2751, 2758, 2765, 2772, 2779, 2795, 2802, 2851, 2872, 2885, 2974, 3013, 3047, 3056, 3075, 3114, 3141, 3162, 3194, 3211, 3307, 3413, 3492, 3537, 3603, 3682, 3718], "summary": {"covered_lines": 198, "num_statements": 199, "percent_covered": 99.49748743718592, "percent_covered_display": "99", "missing_lines": 1, "excluded_lines": 0, "percent_statements_covered": 99.49748743718592, "percent_statements_covered_display": "99"}, "missing_lines": [3719], "excluded_lines": []}}, "classes": {"MemoryType": {"executed_lines": [], "summary": {"covered_lines": 0, "num_statements": 0, "percent_covered": 100.0, "percent_covered_display": "100", "missing_lines": 0, "excluded_lines": 0, "percent_statements_covered": 100.0, "percent_statements_covered_display": "100"}, "missing_lines": [], "excluded_lines": []}, "Classification": {"executed_lines": [], "summary": {"covered_lines": 0, "num_statements": 0, "percent_covered": 100.0, "percent_covered_display": "100", "missing_lines": 0, "excluded_lines": 0, "percent_statements_covered": 100.0, "percent_statements_covered_display": "100"}, "missing_lines": [], "excluded_lines": []}, "Memory": {"executed_lines": [], "summary": {"covered_lines": 0, "num_statements": 57, "percent_covered": 0.0, "percent_covered_display": "0", "missing_lines": 57, "excluded_lines": 0, "percent_statements_covered": 0.0, "percent_statements_covered_display": "0"}, "missing_lines": [77, 78, 79, 80, 83, 84, 85, 86, 87, 89, 90, 91, 92, 95, 96, 99, 103, 104, 105, 106, 114, 117, 118, 119, 121, 122, 124, 125, 127, 128, 131, 132, 140, 141, 142, 143, 146, 147, 149, 150, 152, 153, 154, 155, 156, 159, 163, 179, 180, 181, 185, 186, 187, 188, 189, 190, 191], "excluded_lines": []}, "ShortMemoryStore": {"executed_lines": [], "summary": {"covered_lines": 0, "num_statements": 0, "percent_covered": 100.0, "percent_covered_display": "100", "missing_lines": 0, "excluded_lines": 0, "percent_statements_covered": 100.0, "percent_statements_covered_display": "100"}, "missing_lines": [], "excluded_lines": []}, "SocialSignal": {"executed_lines": [285, 286, 287, 288, 289, 290, 291, 292, 295, 296, 297, 298, 299, 300, 301], "summary": {"covered_lines": 15, "num_statements": 15, "percent_covered": 100.0, "percent_covered_display": "100", "missing_lines": 0, "excluded_lines": 0, "percent_statements_covered": 100.0, "percent_statements_covered_display": "100"}, "missing_lines": [], "excluded_lines": []}, "AliveLoopNode": {"executed_lines": [309, 312, 313, 316, 317, 320, 323, 324, 329, 331, 333, 334, 335, 338, 339, 340, 343, 344, 345, 348, 349, 350, 351, 354, 355, 356, 357, 360, 361, 365, 368, 369, 370, 371, 372, 375, 376, 379, 380, 383, 390, 391, 397, 398, 399, 400, 403, 404, 405, 406, 407, 408, 409, 410, 413, 431, 434, 435, 438, 439, 440, 441, 448, 455, 456, 469, 470, 484, 485, 486, 487, 488, 489, 490, 493, 494, 495, 496, 497, 498, 499, 500, 503, 504, 505, 506, 509, 510, 511, 512, 513, 514, 515, 516, 519, 520, 521, 522, 523, 524, 525, 526, 527, 528, 529, 530, 533, 534, 535, 538, 539, 540, 541, 544, 619, 621, 629, 633, 640, 641, 645, 651, 676, 677, 679, 724, 729, 735, 741, 744, 753, 754, 764, 770, 771, 773, 789, 804, 805, 806, 821, 825, 826, 827, 830, 836, 838, 840, 844, 845, 848, 851, 853, 932, 935, 936, 939, 1303, 1306, 1311, 1316, 1317, 1318, 1337, 1338, 1340, 1341, 1342, 1344, 1345, 1350, 1353, 1354, 1357, 1358, 1362, 1365, 1367, 1368, 1370, 1383, 1384, 1385, 1390, 1391, 1392, 1400, 1403, 1406, 1409, 1412, 1415, 1418, 1422, 1424, 1427, 1428, 2253, 2261, 2262, 2603, 2606, 2607, 2608, 2611, 2612, 2613, 2614, 2617, 2618, 2619, 2624, 2638, 2641, 2644, 2646, 2647, 2688, 2691, 2692, 2693, 2696, 2697, 2700, 2702, 2704, 2707, 2710, 2712, 2715, 2717, 2721, 2724, 2728, 2730, 2734, 2737, 2741, 2743, 2747, 2749, 2753, 2756, 2760, 2763, 2767, 2770, 2774, 2775, 2777, 2782, 2786, 2790, 2793, 2797, 2798, 2799, 2800, 2804, 2807, 2808, 2809, 2812, 2825, 2826, 2827, 2828, 2831, 2832, 2833, 2840, 2892, 2895, 2896, 2897, 2900, 2901, 2902, 2903, 2906, 2907, 2910, 2911, 2912, 2913, 2917, 2918, 2919, 2920, 2922, 2926, 2929, 2932, 2933, 2936, 2937, 2943, 2949, 2956, 2957, 2960, 2961, 2963, 2965, 2967, 2970, 2972, 3225, 3227, 3238, 3239, 3240, 3245, 3250, 3251, 3252, 3253, 3263, 3270, 3271, 3280, 3281, 3282, 3283, 3289, 3290, 3291, 3298, 3301, 3305, 3322, 3324, 3325, 3327, 3337, 3339, 3341, 3342, 3343, 3344, 3345, 3380, 3381, 3384, 3396, 3397, 3402, 3408, 3411, 3433, 3435, 3438, 3439, 3441, 3443, 3444, 3448, 3449, 3453, 3465, 3474, 3475, 3476, 3481, 3488, 3490, 3517, 3518, 3520, 3529, 3530, 3531, 3550, 3554, 3556, 3559, 3565, 3566, 3575, 3578, 3586, 3610, 3613, 3615, 3617, 3619, 3620, 3623, 3635, 3645, 3648, 3653, 3657, 3661, 3668, 3669, 3671, 3672, 3674], "summary": {"covered_lines": 399, "num_statements": 1370, "percent_covered": 29.124087591240876, "percent_covered_display": "29", "missing_lines": 971, "excluded_lines": 0, "percent_statements_covered": 29.124087591240876, "percent_statements_covered_display": "29"}, "missing_lines": [325, 326, 330, 472, 473, 474, 475, 477, 479, 545, 557, 558, 560, 561, 564, 565, 566, 567, 568, 571, 572, 574, 575, 577, 579, 580, 581, 583, 592, 595, 596, 598, 599, 600, 601, 603, 605, 606, 607, 608, 611, 612, 614, 615, 622, 623, 624, 627, 646, 647, 648, 649, 650, 655, 656, 657, 659, 660, 663, 669, 670, 672, 683, 686, 687, 690, 691, 692, 693, 694, 697, 699, 701, 725, 726, 730, 731, 732, 736, 737, 738, 742, 808, 809, 810, 822, 831, 832, 841, 855, 856, 857, 858, 859, 863, 866, 867, 877, 878, 881, 884, 893, 895, 896, 899, 900, 903, 907, 909, 910, 911, 914, 917, 918, 919, 922, 928, 941, 942, 943, 948, 955, 960, 961, 962, 964, 967, 969, 971, 972, 975, 978, 983, 984, 987, 990, 996, 1005, 1006, 1007, 1010, 1011, 1014, 1015, 1019, 1022, 1025, 1029, 1030, 1032, 1043, 1051, 1054, 1057, 1061, 1067, 1071, 1075, 1076, 1079, 1080, 1085, 1086, 1091, 1092, 1097, 1106, 1107, 1110, 1111, 1112, 1113, 1115, 1122, 1128, 1131, 1132, 1135, 1136, 1137, 1138, 1141, 1142, 1146, 1147, 1148, 1151, 1154, 1155, 1156, 1158, 1170, 1172, 1178, 1179, 1180, 1182, 1186, 1187, 1188, 1191, 1192, 1200, 1202, 1204, 1208, 1209, 1210, 1213, 1214, 1216, 1217, 1220, 1221, 1223, 1228, 1229, 1231, 1234, 1235, 1236, 1237, 1238, 1242, 1243, 1244, 1245, 1246, 1248, 1252, 1253, 1256, 1257, 1258, 1260, 1261, 1264, 1273, 1274, 1277, 1278, 1279, 1281, 1283, 1284, 1285, 1290, 1291, 1294, 1295, 1298, 1307, 1308, 1312, 1326, 1328, 1363, 1364, 1366, 1374, 1375, 1376, 1377, 1379, 1386, 1395, 1433, 1434, 1435, 1438, 1440, 1441, 1442, 1444, 1446, 1447, 1448, 1449, 1452, 1453, 1454, 1455, 1460, 1461, 1463, 1464, 1466, 1468, 1469, 1470, 1471, 1473, 1474, 1475, 1477, 1505, 1506, 1508, 1509, 1511, 1512, 1513, 1514, 1515, 1517, 1520, 1521, 1522, 1534, 1535, 1538, 1540, 1541, 1542, 1543, 1545, 1546, 1549, 1550, 1552, 1555, 1556, 1559, 1561, 1572, 1573, 1575, 1581, 1585, 1588, 1589, 1592, 1593, 1596, 1597, 1599, 1611, 1612, 1615, 1626, 1627, 1628, 1632, 1634, 1635, 1636, 1639, 1648, 1649, 1652, 1659, 1661, 1663, 1667, 1669, 1670, 1672, 1673, 1674, 1677, 1678, 1681, 1684, 1691, 1700, 1707, 1710, 1711, 1714, 1715, 1717, 1719, 1728, 1730, 1731, 1733, 1734, 1736, 1737, 1740, 1741, 1744, 1747, 1748, 1751, 1764, 1766, 1768, 1784, 1785, 1788, 1800, 1801, 1802, 1805, 1807, 1808, 1811, 1820, 1827, 1830, 1832, 1833, 1837, 1839, 1840, 1842, 1843, 1844, 1847, 1848, 1851, 1854, 1855, 1859, 1862, 1863, 1866, 1867, 1869, 1870, 1873, 1874, 1875, 1877, 1878, 1879, 1881, 1882, 1883, 1886, 1887, 1888, 1890, 1891, 1892, 1895, 1896, 1899, 1900, 1903, 1904, 1907, 1920, 1922, 1938, 1939, 1942, 1954, 1955, 1956, 1961, 1963, 1964, 1965, 1968, 1977, 1984, 1986, 1988, 1992, 1994, 1995, 1997, 1998, 1999, 2002, 2005, 2006, 2009, 2018, 2021, 2024, 2027, 2030, 2032, 2033, 2036, 2046, 2053, 2056, 2057, 2060, 2061, 2063, 2065, 2074, 2076, 2077, 2079, 2080, 2082, 2083, 2086, 2087, 2088, 2091, 2094, 2095, 2096, 2099, 2100, 2103, 2116, 2118, 2125, 2127, 2128, 2130, 2131, 2132, 2135, 2136, 2142, 2143, 2144, 2147, 2150, 2153, 2160, 2162, 2164, 2171, 2175, 2177, 2178, 2180, 2181, 2182, 2185, 2186, 2190, 2193, 2202, 2205, 2207, 2209, 2216, 2220, 2222, 2223, 2225, 2226, 2228, 2229, 2232, 2233, 2234, 2237, 2240, 2247, 2249, 2254, 2255, 2257, 2266, 2283, 2284, 2285, 2293, 2294, 2299, 2300, 2302, 2303, 2310, 2314, 2315, 2316, 2319, 2320, 2326, 2327, 2330, 2331, 2332, 2335, 2336, 2339, 2340, 2344, 2345, 2346, 2349, 2350, 2353, 2357, 2358, 2359, 2360, 2364, 2365, 2366, 2369, 2370, 2371, 2372, 2375, 2376, 2379, 2380, 2384, 2385, 2388, 2391, 2392, 2394, 2395, 2396, 2398, 2399, 2402, 2403, 2405, 2406, 2407, 2409, 2410, 2411, 2412, 2413, 2414, 2415, 2416, 2418, 2422, 2423, 2426, 2429, 2430, 2433, 2441, 2442, 2444, 2448, 2449, 2450, 2451, 2452, 2457, 2458, 2460, 2461, 2464, 2465, 2468, 2469, 2470, 2472, 2475, 2476, 2477, 2481, 2482, 2486, 2487, 2488, 2489, 2490, 2494, 2495, 2496, 2497, 2498, 2502, 2509, 2515, 2516, 2517, 2519, 2520, 2521, 2525, 2526, 2527, 2531, 2532, 2533, 2537, 2538, 2539, 2543, 2544, 2545, 2549, 2550, 2551, 2555, 2556, 2557, 2561, 2562, 2563, 2567, 2568, 2569, 2573, 2574, 2575, 2579, 2580, 2583, 2584, 2585, 2588, 2589, 2592, 2593, 2594, 2595, 2598, 2599, 2642, 2649, 2652, 2653, 2654, 2657, 2658, 2659, 2660, 2661, 2662, 2663, 2664, 2666, 2667, 2669, 2670, 2671, 2674, 2675, 2676, 2677, 2678, 2679, 2680, 2681, 2682, 2684, 2703, 2705, 2711, 2713, 2723, 2729, 2736, 2742, 2748, 2755, 2762, 2769, 2776, 2783, 2787, 2791, 2834, 2835, 2836, 2837, 2838, 2853, 2855, 2856, 2857, 2858, 2860, 2861, 2862, 2863, 2864, 2865, 2868, 2869, 2870, 2874, 2876, 2877, 2879, 2880, 2881, 2882, 2883, 2884, 2893, 2915, 2962, 2964, 2966, 2968, 2990, 2991, 2994, 3002, 3005, 3006, 3009, 3011, 3023, 3024, 3027, 3028, 3031, 3034, 3035, 3037, 3038, 3039, 3042, 3043, 3045, 3049, 3058, 3059, 3061, 3062, 3065, 3066, 3067, 3068, 3070, 3071, 3073, 3077, 3078, 3081, 3084, 3086, 3087, 3088, 3089, 3090, 3091, 3092, 3095, 3096, 3097, 3098, 3099, 3100, 3101, 3102, 3103, 3105, 3106, 3109, 3110, 3112, 3116, 3117, 3118, 3119, 3121, 3122, 3123, 3124, 3125, 3128, 3136, 3138, 3139, 3143, 3145, 3146, 3147, 3157, 3159, 3160, 3164, 3165, 3166, 3167, 3170, 3171, 3174, 3175, 3178, 3179, 3180, 3182, 3183, 3184, 3185, 3186, 3189, 3191, 3192, 3196, 3197, 3199, 3200, 3201, 3203, 3204, 3206, 3207, 3241, 3242, 3246, 3247, 3264, 3265, 3272, 3273, 3274, 3275, 3292, 3293, 3347, 3349, 3350, 3351, 3352, 3353, 3355, 3357, 3358, 3359, 3360, 3361, 3363, 3365, 3366, 3367, 3368, 3369, 3373, 3374, 3375, 3376, 3377, 3385, 3386, 3391, 3392, 3393, 3398, 3436, 3445, 3450, 3477, 3478, 3533, 3534, 3535, 3551, 3552, 3579, 3580, 3599, 3600, 3601, 3611, 3625, 3628, 3629, 3632, 3633, 3637, 3638, 3641, 3650, 3651, 3655, 3659, 3663, 3664, 3665, 3676, 3677, 3678], "excluded_lines": []}, "": {"executed_lines": [1, 2, 3, 4, 5, 6, 7, 8, 9, 10, 12, 14, 15, 16, 19, 20, 21, 23, 24, 27, 28, 31, 32, 33, 34, 35, 36, 38, 39, 40, 41, 42, 44, 45, 46, 53, 54, 55, 56, 57, 58, 59, 60, 61, 64, 65, 66, 67, 70, 73, 75, 98, 101, 108, 134, 161, 183, 193, 202, 208, 209, 225, 253, 263, 269, 274, 279, 280, 281, 304, 305, 307, 458, 481, 552, 617, 631, 638, 643, 653, 674, 681, 713, 746, 756, 779, 812, 834, 861, 905, 930, 945, 957, 981, 1002, 1017, 1040, 1059, 1065, 1069, 1073, 1104, 1126, 1144, 1168, 1184, 1198, 1206, 1225, 1240, 1250, 1287, 1300, 1314, 1322, 1330, 1347, 1360, 1372, 1381, 1388, 1397, 1420, 1430, 1457, 1479, 1570, 1579, 1583, 1601, 1665, 1726, 1773, 1835, 1927, 1990, 2072, 2123, 2173, 2218, 2251, 2259, 2264, 2281, 2287, 2297, 2312, 2342, 2355, 2362, 2382, 2420, 2446, 2454, 2500, 2511, 2523, 2529, 2535, 2541, 2547, 2553, 2559, 2565, 2571, 2577, 2601, 2621, 2686, 2719, 2726, 2732, 2739, 2745, 2751, 2758, 2765, 2772, 2779, 2795, 2802, 2851, 2872, 2885, 2974, 3013, 3047, 3056, 3075, 3114, 3141, 3162, 3194, 3211, 3307, 3413, 3492, 3537, 3603, 3682, 3718], "summary": {"covered_lines": 198, "num_statements": 263,
[...]
es": [2, 7, 8, 9, 10, 11, 14, 16, 17, 18, 19, 20, 23, 25, 26, 29, 32, 38, 41, 42, 43, 44, 47, 48, 49, 56, 61, 62, 63, 64, 65, 66, 67, 68, 69, 72, 73, 74, 75, 78, 79, 80, 82, 85, 87, 93, 96, 97, 98, 99, 100, 102, 105, 108, 109, 110, 111, 113, 114, 116, 117, 119, 121, 124], "summary": {"covered_lines": 63, "num_statements": 77, "percent_covered": 81.81818181818181, "percent_covered_display": "82", "missing_lines": 14, "excluded_lines": 0, "percent_statements_covered": 81.81818181818181, "percent_statements_covered_display": "82"}, "missing_lines": [125, 126, 128, 129, 130, 131, 133, 134, 135, 136, 137, 138, 139, 140], "excluded_lines": [], "functions": {"load_config": {"executed_lines": [25, 26], "summary": {"covered_lines": 2, "num_statements": 2, "percent_covered": 100.0, "percent_covered_display": "100", "missing_lines": 0, "excluded_lines": 0, "percent_statements_covered": 100.0, "percent_statements_covered_display": "100"}, "missing_lines": [], "excluded_lines": []}, "test_basic_simulation": {"executed_lines": [32, 38, 41, 42, 43, 44, 47, 48, 49, 56, 61, 62, 63, 64, 65, 66, 67, 68, 69, 72, 73, 74, 75, 78, 79, 80, 82], "summary": {"covered_lines": 27, "num_statements": 27, "percent_covered": 100.0, "percent_covered_display": "100", "missing_lines": 0, "excluded_lines": 0, "percent_statements_covered": 100.0, "percent_statements_covered_display": "100"}, "missing_lines": [], "excluded_lines": []}, "test_config_file_exists": {"executed_lines": [87, 93, 96, 97, 98, 99, 100, 102], "summary": {"covered_lines": 8, "num_statements": 8, "percent_covered": 100.0, "percent_covered_display": "100", "missing_lines": 0, "excluded_lines": 0, "percent_statements_covered": 100.0, "percent_statements_covered_display": "100"}, "missing_lines": [], "excluded_lines": []}, "test_output_directories": {"executed_lines": [108, 109, 110, 111, 113, 114, 116, 117, 119, 121], "summary": {"covered_lines": 10, "num_statements": 10, "percent_covered": 100.0, "percent_covered_display": "100", "missing_lines": 0, "excluded_lines": 0, "percent_statements_covered": 100.0, "percent_statements_covered_display": "100"}, "missing_lines": [], "excluded_lines": []}, "": {"executed_lines": [2, 7, 8, 9, 10, 11, 14, 16, 17, 18, 19, 20, 23, 29, 85, 105, 124], "summary": {"covered_lines": 16, "num_statements": 30, "percent_covered": 53.333333333333336, "percent_covered_display": "53", "missing_lines": 14, "excluded_lines": 0, "percent_statements_covered": 53.333333333333336, "percent_statements_covered_display": "53"}, "missing_lines": [125, 126, 128, 129, 130, 131, 133, 134, 135, 136, 137, 138, 139, 140], "excluded_lines": []}}, "classes": {"": {"executed_lines": [2, 7, 8, 9, 10, 11, 14, 16, 17, 18, 19, 20, 23, 25, 26, 29, 32, 38, 41, 42, 43, 44, 47, 48, 49, 56, 61, 62, 63, 64, 65, 66, 67, 68, 69, 72, 73, 74, 75, 78, 79, 80, 82, 85, 87, 93, 96, 97, 98, 99, 100, 102, 105, 108, 109, 110, 111, 113, 114, 116, 117, 119, 121, 124], "summary": {"covered_lines": 63, "num_statements": 77, "percent_covered": 81.81818181818181, "percent_covered_display": "82", "missing_lines": 14, "excluded_lines": 0, "percent_statements_covered": 81.81818181818181, "percent_statements_covered_display": "82"}, "missing_lines": [125, 126, 128, 129, 130, 131, 133, 134, 135, 136, 137, 138, 139, 140], "excluded_lines": []}}}, "tests/test_swarm_robotics.py": {"executed_lines": [2, 6, 7, 8, 11, 13, 14, 22, 24, 26, 31, 32, 33, 35, 38, 40, 42, 43, 45, 47, 50, 52, 54, 55, 56, 59, 60, 62, 63, 65, 68, 70, 72, 74, 75, 77, 79, 80, 85, 88, 90, 92, 95, 96, 97, 103, 104, 107, 114, 117, 119, 121, 122, 124, 127, 129, 131, 132, 133, 136, 139, 140, 143, 144, 146, 149, 151, 153, 154, 155, 158, 159, 160, 163, 165, 168, 170, 172, 175, 176, 183, 185, 187, 188, 189, 190, 192, 195, 235], "summary": {"covered_lines": 88, "num_statements": 112, "percent_covered": 78.57142857142857, "percent_covered_display": "79", "missing_lines": 24, "excluded_lines": 0, "percent_statements_covered": 78.57142857142857, "percent_statements_covered_display": "79"}, "missing_lines": [197, 198, 199, 201, 212, 213, 215, 216, 217, 218, 219, 220, 221, 222, 223, 224, 225, 226, 228, 229, 230, 232, 236, 237], "excluded_lines": [], "functions": {"test_swarm_plugin_creation": {"executed_lines": [24, 26, 31, 32, 33, 35], "summary": {"covered_lines": 6, "num_statements": 6, "percent_covered": 100.0, "percent_covered_display": "100", "missing_lines": 0, "excluded_lines": 0, "percent_statements_covered": 100.0, "percent_statements_covered_display": "100"}, "missing_lines": [], "excluded_lines": []}, "test_swarm_plugin_initialization": {"executed_lines": [40, 42, 43, 45, 47], "summary": {"covered_lines": 5, "num_statements": 5, "percent_covered": 100.0, "percent_covered_display": "100", "missing_lines": 0, "excluded_lines": 0, "percent_statements_covered": 100.0, "percent_statements_covered_display": "100"}, "missing_lines": [], "excluded_lines": []}, "test_hardware_monitoring": {"executed_lines": [52, 54, 55, 56, 59, 60, 62, 63, 65], "summary": {"covered_lines": 9, "num_statements": 9, "percent_covered": 100.0, "percent_covered_display": "100", "missing_lines": 0, "excluded_lines": 0, "percent_statements_covered": 100.0, "percent_statements_covered_display": "100"}, "missing_lines": [], "excluded_lines": []}, "test_flocking_behavior": {"executed_lines": [70, 72, 74, 75, 77, 79, 80, 85], "summary": {"covered_lines": 8, "num_statements": 8, "percent_covered": 100.0, "percent_covered_display": "100", "missing_lines": 0, "excluded_lines": 0, "percent_statements_covered": 100.0, "percent_statements_covered_display": "100"}, "missing_lines": [], "excluded_lines": []}, "test_task_allocation": {"executed_lines": [90, 92, 95, 96, 97, 103, 104, 107, 114, 117, 119, 121, 122, 124], "summary": {"covered_lines": 14, "num_statements": 14, "percent_covered": 100.0, "percent_covered_display": "100", "missing_lines": 0, "excluded_lines": 0, "percent_statements_covered": 100.0, "percent_statements_covered_display": "100"}, "missing_lines": [], "excluded_lines": []}, "test_formation_types": {"executed_lines": [129, 131, 132, 133, 136, 139, 140, 143, 144, 146], "summary": {"covered_lines": 10, "num_statements": 10, "percent_covered": 100.0, "percent_covered_display": "100", "missing_lines": 0, "excluded_lines": 0, "percent_statements_covered": 100.0, "percent_statements_covered_display": "100"}, "missing_lines": [], "excluded_lines": []}, "test_behavior_modes": {"executed_lines": [151, 153, 154, 155, 158, 159, 160, 163, 165], "summary": {"covered_lines": 9, "num_statements": 9, "percent_covered": 100.0, "percent_covered_display": "100", "missing_lines": 0, "excluded_lines": 0, "percent_statements_covered": 100.0, "percent_statements_covered_display": "100"}, "missing_lines": [], "excluded_lines": []}, "test_statistics": {"executed_lines": [170, 172, 175, 176, 183, 185, 187, 188, 189, 190, 192], "summary": {"covered_lines": 11, "num_statements": 11, "percent_covered": 100.0, "percent_covered_display": "100", "missing_lines": 0, "excluded_lines": 0, "percent_statements_covered": 100.0, "percent_statements_covered_display": "100"}, "missing_lines": [], "excluded_lines": []}, "run_all_tests": {"executed_lines": [], "summary": {"covered_lines": 0, "num_statements": 22, "percent_covered": 0.0, "percent_covered_display": "0", "missing_lines": 22, "excluded_lines": 0, "percent_statements_covered": 0.0, "percent_statements_covered_display": "0"}, "missing_lines": [197, 198, 199, 201, 212, 213, 215, 216, 217, 218, 219, 220, 221, 222, 223, 224, 225, 226, 228, 229, 230, 232], "excluded_lines": []}, "": {"executed_lines": [2, 6, 7, 8, 11, 13, 14, 22, 38, 50, 68, 88, 127, 149, 168, 195, 235], "summary": {"covered_lines": 16, "num_statements": 18, "percent_covered": 88.88888888888889, "percent_covered_display": "89", "missing_lines": 2, "excluded_lines": 0, "percent_statements_covered": 88.88888888888889, "percent_statements_covered_display": "89"}, "missing_lines": [236, 237], "excluded_lines": []}}, "classes": {"": {"executed_lines": [2, 6, 7, 8, 11, 13, 14, 22, 24, 26, 31, 32, 33, 35, 38, 40, 42, 43, 45, 47, 50, 52, 54, 55, 56, 59, 60, 62, 63, 65, 68, 70, 72, 74, 75, 77, 79, 80, 85, 88, 90, 92, 95, 96, 97, 103, 104, 107, 114, 117, 119, 121, 122, 124, 127, 129, 131, 132, 133, 136, 139, 140, 143, 144, 146, 149, 151, 153, 154, 155, 158, 159, 160, 163, 165, 168, 170, 172, 175, 176, 183, 185, 187, 188, 189, 190, 192, 195, 235], "summary": {"covered_lines": 88, "num_statements": 112, "percent_covered": 78.57142857142857, "percent_covered_display": "79", "missing_lines": 24, "excluded_lines": 0, "percent_statements_covered": 78.57142857142857, "percent_statements_covered_display": "79"}, "missing_lines": [197, 198, 199, 201, 212, 213, 215, 216, 217, 218, 219, 220, 221, 222, 223, 224, 225, 226, 228, 229, 230, 232, 236, 237], "excluded_lines": []}}}, "tests/test_system_metrics_bridge.py": {"executed_lines": [2, 6, 7, 10, 12, 19, 21, 23, 25, 26, 28, 31, 33, 35, 36, 38, 39, 40, 41, 43, 44, 45, 48, 50, 52, 54, 65, 67, 68, 69, 70, 72, 73, 76, 78, 80, 82, 91, 93, 94, 95, 97, 98, 101, 103, 105, 107, 117, 123, 126, 127, 129, 130, 131, 134, 136, 138, 141, 148, 149, 150, 152, 155, 157, 159, 162, 163, 165, 167, 168, 169, 171, 172, 175, 214], "summary": {"covered_lines": 74, "num_statements": 98, "percent_covered": 75.51020408163265, "percent_covered_display": "76", "missing_lines": 24, "excluded_lines": 0, "percent_statements_covered": 75.51020408163265, "percent_statements_covered_display": "76"}, "missing_lines": [177, 178, 179, 181, 191, 192, 194, 195, 196, 197, 198, 199, 200, 201, 202, 203, 204, 205, 207, 208, 209, 211, 215, 216], "excluded_lines": [], "functions": {"test_bridge_creation": {"executed_lines": [21, 23, 25, 26, 28], "summary": {"covered_lines": 5, "num_statements": 5, "percent_covered": 100.0, "percent_covered_display": "100", "missing_lines": 0, "excluded_lines": 0, "percent_statements_covered": 100.0, "percent_statements_covered_display": "100"}, "missing_lines": [], "excluded_lines": []}, "test_collect_metrics": {"executed_lines": [33, 35, 36, 38, 39, 40, 41, 43, 44, 45], "summary": {"covered_lines": 10, "num_statements": 10, "percent_covered": 100.0, "percent_covered_display": "100", "missing_lines": 0, "excluded_lines": 0, "percent_statements_covered": 100.0, "percent_statements_covered_display": "100"}, "missing_lines": [], "excluded_lines": []}, "test_map_to_simulation": {"executed_lines": [50, 52, 54, 65, 67, 68, 69, 70, 72, 73], "summary": {"covered_lines": 10, "num_statements": 10, "percent_covered": 100.0, "percent_covered_display": "100", "missing_lines": 0, "excluded_lines": 0, "percent_statements_covered": 100.0, "percent_statements_covered_display": "100"}, "missing_lines": [], "excluded_lines": []}, "test_map_from_simulation": {"executed_lines": [78, 80, 82, 91, 93, 94, 95, 97, 98], "summary": {"covered_lines": 9, "num_statements": 9, "percent_covered": 100.0, "percent_covered_display": "100", "missing_lines": 0, "excluded_lines": 0, "percent_statements_covered": 100.0, "percent_statements_covered_display": "100"}, "missing_lines": [], "excluded_lines": []}, "test_detect_anomaly": {"executed_lines": [103, 105, 107, 117, 123, 126, 127, 129, 130, 131], "summary": {"covered_lines": 10, "num_statements": 10, "percent_covered": 100.0, "percent_covered_display": "100", "missing_lines": 0, "excluded_lines": 0, "percent_statements_covered": 100.0, "percent_statements_covered_display": "100"}, "missing_lines": [], "excluded_lines": []}, "test_apply_defensive_action": {"executed_lines": [136, 138, 141, 148, 149, 150, 152], "summary": {"covered_lines": 7, "num_statements": 7, "percent_covered": 100.0, "percent_covered_display": "100", "missing_lines": 0, "excluded_lines": 0, "percent_statements_covered": 100.0, "percent_statements_covered_display": "100"}, "missing_lines": [], "excluded_lines": []}, "test_statistics": {"executed_lines": [157, 159, 162, 163, 165, 167, 168, 169, 171, 172], "summary": {"covered_lines": 10, "num_statements": 10, "percent_covered": 100.0, "percent_covered_display": "100", "missing_lines": 0, "excluded_lines": 0, "percent_statements_covered": 100.0, "percent_statements_covered_display": "100"}, "missing_lines": [], "excluded_lines": []}, "run_all_tests": {"executed_lines": [], "summary": {"covered_lines": 0, "num_statements": 22, "percent_covered": 0.0, "percent_covered_display": "0", "missing_lines": 22, "excluded_lines": 0, "percent_statements_covered": 0.0, "percent_statements_covered_display": "0"}, "missing_lines": [177, 178, 179, 181, 191, 192, 194, 195, 196, 197, 198, 199, 200, 201, 202, 203, 204, 205, 207, 208, 209, 211], "excluded_lines": []}, "": {"executed_lines": [2, 6, 7, 10, 12, 19, 31, 48, 76, 101, 134, 155, 175, 214], "summary": {"covered_lines": 13, "num_statements": 15, "percent_covered": 86.66666666666667, "percent_covered_display": "87", "missing_lines": 2, "excluded_lines": 0, "percent_statements_covered": 86.66666666666667, "percent_statements_covered_display": "87"}, "missing_lines": [215, 216], "excluded_lines": []}}, "classes": {"": {"executed_lines": [2, 6, 7, 10, 12, 19, 21, 23, 25, 26, 28, 31, 33, 35, 36, 38, 39, 40, 41, 43, 44, 45, 48, 50, 52, 54, 65, 67, 68, 69, 70, 72, 73, 76, 78, 80, 82, 91, 93, 94, 95, 97, 98, 101, 103, 105, 107, 117, 123, 126, 127, 129, 130, 131, 134, 136, 138, 141, 148, 149, 150, 152, 155, 157, 159, 162, 163, 165, 167, 168, 169, 171, 172, 175, 214], "summary": {"covered_lines": 74, "num_statements": 98, "percent_covered": 75.51020408163265, "percent_covered_display": "76", "missing_lines": 24, "excluded_lines": 0, "percent_statements_covered": 75.51020408163265, "percent_statements_covered_display": "76"}, "missing_lines": [177, 178, 179, 181, 191, 192, 194, 195, 196, 197, 198, 199, 200, 201, 202, 203, 204, 205, 207, 208, 209, 211, 215, 216], "excluded_lines": []}}}, "tests/test_threat_patterns.py": {"executed_lines": [2, 6, 7, 8, 11, 13, 16, 18, 20, 27, 28, 29, 30, 31, 33, 36, 38, 40, 47, 48, 49, 52, 54, 55, 56, 58, 61, 63, 65, 73, 75, 76, 77, 80, 86, 87, 90, 92, 94, 97, 104, 111, 112, 114, 115, 118, 119, 121, 124, 126, 128, 131, 138, 145, 152, 153, 154, 157, 160, 163, 164, 165, 167, 170, 172, 174, 177, 178, 184, 186, 189, 191, 192, 193, 195, 196, 199, 201, 203, 206, 213, 214, 215, 217, 220, 222, 223, 225, 226, 229, 231, 233, 236, 237, 243, 244, 245, 247, 249, 250, 251, 253, 254, 255, 258, 298], "summary": {"covered_lines": 105, "num_statements": 129, "percent_covered": 81.3953488372093, "percent_covered_display": "81", "missing_lines": 24, "excluded_lines": 0, "percent_statements_covered": 81.3953488372093, "percent_statements_covered_display": "81"}, "missing_lines": [260, 261, 262, 264, 275, 276, 278, 279, 280, 281, 282, 283, 284, 285, 286, 287, 288, 289, 291, 292, 293, 295, 299, 300], "excluded_lines": [], "functions": {"test_threat_pattern_creation": {"executed_lines": [18, 20, 27, 28, 29, 30, 31, 33], "summary": {"covered_lines": 8, "num_statements": 8, "percent_covered": 100.0, "percent_covered_display": "100", "missing_lines": 0, "excluded_lines": 0, "percent_statements_covered": 100.0, "percent_statements_covered_display": "100"}, "missing_lines": [], "excluded_lines": []}, "test_threat_pattern_countermeasures": {"executed_lines": [38, 40, 47, 48, 49, 52, 54, 55, 56, 58], "summary": {"covered_lines": 10, "num_statements": 10, "percent_covered": 100.0, "percent_covered_display": "100", "missing_lines": 0, "excluded_lines": 0, "percent_statements_covered": 100.0, "percent_statements_covered_display": "100"}, "missing_lines": [], "excluded_lines": []}, "test_threat_pattern_mutation": {"executed_lines": [63, 65, 73, 75, 76, 77, 80, 86, 87], "summary": {"covered_lines": 9, "num_statements": 9, "percent_covered": 100.0, "percent_covered_display": "100", "missing_lines": 0, "excluded_lines": 0, "percent_statements_covered": 100.0, "percent_statements_covered_display": "100"}, "missing_lines": [], "excluded_lines": []}, "test_threat_library_basic": {"executed_lines": [92, 94, 97, 104, 111, 112, 114, 115, 118, 119, 121], "summary": {"covered_lines": 11, "num_statements": 11, "percent_covered": 100.0, "percent_covered_display": "100", "missing_lines": 0, "excluded_lines": 0, "percent_statements_covered": 100.0, "percent_statements_covered_display": "100"}, "missing_lines": [], "excluded_lines": []}, "test_threat_library_similarity": {"executed_lines": [126, 128, 131, 138, 145, 152, 153, 154, 157, 160, 163, 164, 165, 167], "summary": {"covered_lines": 14, "num_statements": 14, "percent_covered": 100.0, "percent_covered_display": "100", "missing_lines": 0, "excluded_lines": 0, "percent_statements_covered": 100.0, "percent_statements_covered_display": "100"}, "missing_lines": [], "excluded_lines": []}, "test_threat_library_evolution": {"executed_lines": [172, 174, 177, 178, 184, 186, 189, 191, 192, 193, 195, 196], "summary": {"covered_lines": 12, "num_statements": 12, "percent_covered": 100.0, "percent_covered_display": "100", "missing_lines": 0, "excluded_lines": 0, "percent_statements_covered": 100.0, "percent_statements_covered_display": "100"}, "missing_lines": [], "excluded_lines": []}, "test_threat_library_countermeasures": {"executed_lines": [201, 203, 206, 213, 214, 215, 217, 220, 222, 223, 225, 226], "summary": {"covered_lines": 12, "num_statements": 12, "percent_covered": 100.0, "percent_covered_display": "100", "missing_lines": 0, "excluded_lines": 0, "percent_statements_covered": 100.0, "percent_statements_covered_display": "100"}, "missing_lines": [], "excluded_lines": []}, "test_threat_library_statistics": {"executed_lines": [231, 233, 236, 237, 243, 244, 245, 247, 249, 250, 251, 253, 254, 255], "summary": {"covered_lines": 14, "num_statements": 14, "percent_covered": 100.0, "percent_covered_display": "100", "missing_lines": 0, "excluded_lines": 0, "percent_statements_covered": 100.0, "percent_statements_covered_display": "100"}, "missing_lines": [], "excluded_lines": []}, "run_all_tests": {"executed_lines": [], "summary": {"covered_lines": 0, "num_statements": 22, "percent_covered": 0.0, "percent_covered_display": "0", "missing_lines": 22, "excluded_lines": 0, "percent_statements_covered": 0.0, "percent_statements_covered_display": "0"}, "missing_lines": [260, 261, 262, 264, 275, 276, 278, 279, 280, 281, 282, 283, 284, 285, 286, 287, 288, 289, 291, 292, 293, 295], "excluded_lines": []}, "": {"executed_lines": [2, 6, 7, 8, 11, 13, 16, 36, 61, 90, 124, 170, 199, 229, 258, 298], "summary": {"covered_lines": 15, "num_statements": 17, "percent_covered": 88.23529411764706, "percent_covered_display": "88", "missing_lines": 2, "excluded_lines": 0, "percent_statements_covered": 88.23529411764706, "percent_statements_covered_display": "88"}, "missing_lines": [299, 300], "excluded_lines": []}}, "classes": {"": {"executed_lines": [2, 6, 7, 8, 11, 13, 16, 18, 20, 27, 28, 29, 30, 31, 33, 36, 38, 40, 47, 48, 49, 52, 54, 55, 56, 58, 61, 63, 65, 73, 75, 76, 77, 80, 86, 87, 90, 92, 94, 97, 104, 111, 112, 114, 115, 118, 119, 121, 124, 126, 128, 131, 138, 145, 152, 153, 154, 157, 160, 163, 164, 165, 167, 170, 172, 174, 177, 178, 184, 186, 189, 191, 192, 193, 195, 196, 199, 201, 203, 206, 213, 214, 215, 217, 220, 222, 223, 225, 226, 229, 231, 233, 236, 237, 243, 244, 245, 247, 249, 250, 251, 253, 254, 255, 258, 298], "summary": {"covered_lines": 105, "num_statements": 129, "percent_covered": 81.3953488372093, "percent_covered_display": "81", "missing_lines": 24, "excluded_lines": 0, "percent_statements_covered": 81.3953488372093, "percent_statements_covered_display": "81"}, "missing_lines": [260, 261, 262, 264, 275, 276, 278, 279, 280, 281, 282, 283, 284, 285, 286, 287, 288, 289, 291, 292, 293, 295, 299, 300], "excluded_lines": []}}}}, "totals": {"covered_lines": 4780, "num_statements": 13871, "percent_covered": 34.460384975848896, "percent_covered_display": "34", "missing_lines": 9091, "excluded_lines": 0, "percent_statements_covered": 34.460384975848896, "percent_statements_covered_display": "34"}}